TN:
SF:/code/contracts/hub/PriceOracleRouter.sol
DA:1,0
DA:19,615
DA:20,2
DA:32,0
DA:46,0
DA:52,6
DA:53,6
DA:54,2
DA:67,13
DA:68,14
DA:75,5
DA:77,2
DA:82,3
DA:83,3
DA:84,4
DA:89,2
DA:93,0
DA:96,0
DA:98,0
DA:99,0
DA:100,0
DA:101,0
DA:104,0
DA:105,0
DA:106,0
DA:108,0
DA:109,0
DA:111,0
DA:112,0
DA:113,0
DA:114,0
DA:115,0
DA:116,0
DA:119,0
DA:120,0
DA:123,0
DA:127,0
DA:128,0
DA:132,0
DA:135,0
DA:136,0
DA:137,0
DA:141,0
DA:142,0
DA:143,0
DA:144,0
DA:145,0
DA:146,0
DA:149,0
end_of_record

SF:/code/contracts/mocks/MockAggregator.sol
DA:4,126
DA:6,0
DA:22,0
end_of_record

SF:/code/lib/openzeppelin-contracts-upgradeable/contracts/access/AccessControlUpgradeable.sol
DA:68,2
DA:78,14
DA:91,0
DA:106,3
DA:115,3
DA:116,0
DA:128,0
DA:144,0
DA:159,0
DA:179,0
DA:180,0
DA:183,0
DA:205,2
DA:207,0
DA:208,4
DA:209,9
DA:210,4
DA:212,0
DA:223,0
DA:225,0
DA:227,0
DA:228,0
end_of_record

SF:/code/lib/openzeppelin-contracts-upgradeable/contracts/proxy/utils/Initializable.sol
DA:109,1
DA:117,11
DA:118,7
DA:120,8
DA:121,0
DA:124,6
DA:128,3
DA:130,3
DA:170,17
DA:178,2
DA:179,3
DA:180,0
DA:224,3
end_of_record

SF:/code/lib/openzeppelin-contracts-upgradeable/contracts/proxy/utils/UUPSUpgradeable.sol
DA:22,4
DA:103,0
DA:104,0
DA:105,0
DA:107,0
DA:116,0
DA:118,0
DA:143,0
DA:144,0
DA:145,0
DA:150,0
end_of_record

SF:/code/lib/openzeppelin-contracts-upgradeable/contracts/utils/ContextUpgradeable.sol
DA:24,3
end_of_record

SF:/code/lib/openzeppelin-contracts-upgradeable/contracts/utils/PausableUpgradeable.sol
DA:28,1
end_of_record

SF:/code/lib/openzeppelin-contracts-upgradeable/contracts/utils/introspection/ERC165Upgradeable.sol
DA:31,0
end_of_record

SF:/code/lib/openzeppelin-contracts/contracts/access/IAccessControl.sol
end_of_record

SF:/code/lib/openzeppelin-contracts/contracts/interfaces/draft-IERC1822.sol
end_of_record

SF:/code/lib/openzeppelin-contracts/contracts/proxy/ERC1967/ERC1967Utils.sol
DA:14,0
DA:37,0
DA:70,0
DA:71,0
DA:85,0
DA:87,0
DA:189,0
DA:190,0
end_of_record

SF:/code/lib/openzeppelin-contracts/contracts/proxy/beacon/IBeacon.sol
end_of_record

SF:/code/lib/openzeppelin-contracts/contracts/utils/Address.sol
DA:9,0
DA:105,0
DA:106,0
DA:114,0
DA:119,0
DA:124,0
DA:125,0
DA:127,0
DA:148,0
DA:151,0
DA:156,0
end_of_record

SF:/code/lib/openzeppelin-contracts/contracts/utils/StorageSlot.sol
DA:31,0
end_of_record

SF:/code/lib/openzeppelin-contracts/contracts/utils/introspection/IERC165.sol
end_of_record

SF:/code/test/echidna/Echidna_PriceOracleRouterProps.sol
DA:7,504
DA:10,0
DA:11,1
DA:14,33
DA:15,33
DA:16,39
DA:17,33
DA:18,5
DA:19,33
DA:20,27
DA:25,32
DA:26,27
DA:30,33
DA:31,20
DA:36,20
DA:42,0
DA:43,0
DA:45,0
DA:46,0
DA:47,0
DA:48,0
DA:53,0
DA:54,0
DA:55,0
DA:56,0
DA:57,0
DA:58,0
end_of_record

