TN:
SF:/code/contracts/spoke/SpokeYieldVault.sol
DA:1,0
DA:23,1906
DA:34,2
DA:35,2
DA:36,2
DA:37,0
DA:47,0
DA:50,0
DA:51,0
DA:52,0
DA:98,0
DA:102,0
DA:103,0
DA:104,0
DA:111,2
DA:122,0
DA:123,0
DA:124,0
DA:127,0
DA:128,0
DA:149,1
DA:153,5
DA:154,5
DA:155,4
DA:158,5
DA:159,2
DA:160,1
DA:161,2
DA:171,2
DA:176,0
DA:181,0
DA:183,0
DA:184,0
DA:189,0
DA:190,0
DA:194,0
DA:195,0
DA:196,0
DA:197,0
DA:198,0
DA:199,0
DA:206,7
DA:207,1
DA:212,9
DA:213,1
DA:214,2
DA:226,1
DA:227,4
DA:229,4
DA:230,0
DA:233,1
DA:234,4
DA:236,10
DA:237,0
DA:249,7
DA:253,28
DA:254,3
DA:266,30
DA:267,2
DA:279,0
DA:280,0
DA:281,0
DA:282,0
DA:283,0
DA:284,0
DA:286,0
DA:287,0
DA:289,0
DA:290,0
DA:292,0
DA:295,0
DA:304,0
DA:305,0
DA:306,0
DA:307,0
DA:308,2
DA:310,0
DA:313,0
DA:322,0
DA:323,0
DA:324,0
DA:325,0
DA:326,0
DA:328,0
DA:331,0
DA:337,0
DA:339,0
DA:341,0
DA:342,0
DA:345,0
DA:352,0
DA:357,0
DA:358,0
DA:359,0
DA:360,0
DA:362,0
DA:363,0
DA:366,0
DA:368,0
DA:369,0
DA:372,0
DA:380,0
DA:390,0
DA:393,0
DA:394,0
DA:395,0
DA:397,0
DA:398,0
DA:400,0
DA:401,0
DA:402,0
DA:403,0
DA:404,0
DA:405,0
DA:406,0
DA:409,0
DA:411,0
DA:415,0
DA:419,0
DA:428,0
DA:430,0
DA:431,0
DA:432,0
DA:435,0
DA:436,0
DA:446,0
DA:448,0
DA:449,0
DA:453,0
DA:454,0
DA:455,0
DA:460,0
DA:461,0
DA:462,0
DA:464,0
DA:466,0
DA:467,0
DA:468,0
DA:469,0
DA:470,0
DA:471,0
DA:473,0
DA:475,0
DA:476,0
DA:479,0
DA:480,0
DA:486,0
DA:489,0
DA:492,0
DA:502,0
DA:503,0
DA:504,0
DA:506,0
DA:507,0
DA:508,0
DA:510,0
DA:514,0
DA:517,0
DA:522,0
DA:524,0
DA:525,0
DA:526,0
DA:529,0
DA:530,0
DA:532,0
DA:536,0
DA:539,0
end_of_record

SF:/code/contracts/strategy/AdapterRegistry.sol
DA:11,277
DA:12,2
DA:29,6
DA:30,6
DA:37,0
DA:38,0
DA:46,0
DA:51,0
DA:56,0
end_of_record

SF:/code/contracts/tokens/SuperchainERC20.sol
DA:10,848
DA:11,2
DA:19,6
DA:24,5
DA:25,3
DA:30,0
DA:31,0
DA:45,0
end_of_record

SF:/code/lib/openzeppelin-contracts-upgradeable/contracts/access/AccessControlUpgradeable.sol
DA:68,4
DA:78,15
DA:91,0
DA:106,3
DA:115,3
DA:116,0
DA:128,0
DA:144,0
DA:159,0
DA:179,0
DA:180,0
DA:183,0
DA:205,4
DA:207,0
DA:208,8
DA:209,13
DA:210,8
DA:212,0
DA:223,0
DA:225,0
DA:227,0
DA:228,0
end_of_record

SF:/code/lib/openzeppelin-contracts-upgradeable/contracts/proxy/utils/Initializable.sol
DA:109,3
DA:117,7
DA:118,11
DA:120,8
DA:121,0
DA:124,5
DA:128,3
DA:130,2
DA:170,40
DA:178,2
DA:179,3
DA:180,0
DA:224,3
end_of_record

SF:/code/lib/openzeppelin-contracts-upgradeable/contracts/proxy/utils/UUPSUpgradeable.sol
DA:22,4
DA:103,0
DA:104,0
DA:105,0
DA:107,0
DA:116,0
DA:118,0
DA:143,0
DA:144,0
DA:145,0
DA:150,0
end_of_record

SF:/code/lib/openzeppelin-contracts-upgradeable/contracts/token/ERC20/ERC20Upgradeable.sol
DA:69,3
DA:118,0
DA:133,0
DA:142,6
DA:179,0
DA:180,0
DA:194,0
DA:195,0
DA:196,0
DA:198,0
DA:199,0
DA:213,5
DA:215,7
DA:218,6
DA:219,0
DA:227,3
DA:239,4
DA:251,5
DA:252,0
DA:266,6
DA:310,3
DA:311,0
DA:313,4
DA:314,0
DA:316,5
DA:318,0
DA:330,9
DA:332,13
DA:333,5
DA:334,0
end_of_record

SF:/code/lib/openzeppelin-contracts-upgradeable/contracts/token/ERC20/extensions/ERC4626Upgradeable.sol
DA:64,0
DA:98,4
DA:99,5
DA:106,4
DA:107,8
DA:108,21
DA:110,13
DA:111,3
DA:112,3
DA:113,4
DA:116,0
DA:138,3
DA:140,39
DA:145,5
DA:150,8
DA:165,0
DA:180,0
DA:185,0
DA:201,4
DA:218,0
DA:226,0
DA:227,0
DA:231,0
DA:239,5
DA:240,0
DA:244,4
DA:266,4
DA:275,1
DA:278,2
DA:284,4
DA:292,10
DA:293,6
DA:303,4
DA:305,3
end_of_record

SF:/code/lib/openzeppelin-contracts-upgradeable/contracts/utils/ContextUpgradeable.sol
DA:24,13
end_of_record

SF:/code/lib/openzeppelin-contracts-upgradeable/contracts/utils/PausableUpgradeable.sol
DA:28,2
DA:72,11
DA:100,2
DA:101,2
DA:102,0
DA:110,0
DA:111,0
DA:124,0
DA:125,0
DA:138,0
end_of_record

SF:/code/lib/openzeppelin-contracts-upgradeable/contracts/utils/ReentrancyGuardUpgradeable.sol
DA:35,0
DA:36,2
DA:73,8
DA:79,2
DA:82,3
DA:83,0
end_of_record

SF:/code/lib/openzeppelin-contracts-upgradeable/contracts/utils/introspection/ERC165Upgradeable.sol
DA:31,0
end_of_record

SF:/code/lib/openzeppelin-contracts/contracts/access/AccessControl.sol
DA:64,15
DA:72,0
DA:79,1
DA:86,5
DA:95,6
DA:96,0
DA:107,0
DA:123,0
DA:138,0
DA:158,0
DA:159,0
DA:162,0
DA:183,2
DA:184,0
DA:185,4
DA:186,6
DA:187,4
DA:189,0
DA:200,0
DA:201,0
DA:203,0
DA:204,0
end_of_record

SF:/code/lib/openzeppelin-contracts/contracts/access/IAccessControl.sol
end_of_record

SF:/code/lib/openzeppelin-contracts/contracts/interfaces/IERC4626.sol
end_of_record

SF:/code/lib/openzeppelin-contracts/contracts/interfaces/IERC5267.sol
end_of_record

SF:/code/lib/openzeppelin-contracts/contracts/interfaces/draft-IERC1822.sol
end_of_record

SF:/code/lib/openzeppelin-contracts/contracts/interfaces/draft-IERC6093.sol
end_of_record

SF:/code/lib/openzeppelin-contracts/contracts/proxy/ERC1967/ERC1967Utils.sol
DA:14,0
DA:37,0
DA:70,0
DA:71,0
DA:85,0
DA:87,0
DA:189,0
DA:190,0
end_of_record

SF:/code/lib/openzeppelin-contracts/contracts/proxy/beacon/IBeacon.sol
end_of_record

SF:/code/lib/openzeppelin-contracts/contracts/token/ERC20/ERC20.sol
DA:51,1
DA:52,1
DA:59,0
DA:91,0
DA:111,0
DA:119,0
DA:157,0
DA:171,0
DA:172,0
DA:173,0
DA:175,0
DA:176,0
DA:189,0
DA:191,2
DA:194,7
DA:195,8
DA:206,2
DA:215,4
DA:227,4
DA:228,0
DA:242,4
DA:243,0
DA:264,0
DA:284,0
DA:285,0
DA:286,0
DA:288,0
DA:289,0
DA:293,0
DA:307,0
DA:308,0
DA:309,0
end_of_record

SF:/code/lib/openzeppelin-contracts/contracts/token/ERC20/IERC20.sol
end_of_record

SF:/code/lib/openzeppelin-contracts/contracts/token/ERC20/extensions/ERC20Permit.sol
DA:22,0
DA:53,0
DA:54,0
DA:57,0
DA:62,0
DA:63,0
DA:81,0
end_of_record

SF:/code/lib/openzeppelin-contracts/contracts/token/ERC20/extensions/IERC20Metadata.sol
end_of_record

SF:/code/lib/openzeppelin-contracts/contracts/token/ERC20/extensions/IERC20Permit.sol
end_of_record

SF:/code/lib/openzeppelin-contracts/contracts/token/ERC20/utils/SafeERC20.sol
DA:19,0
DA:36,2
DA:37,19
DA:45,18
DA:91,6
DA:97,31
DA:98,0
end_of_record

SF:/code/lib/openzeppelin-contracts/contracts/utils/Address.sol
DA:9,0
DA:71,1
DA:87,15
DA:88,6
DA:105,0
DA:106,0
DA:114,2
DA:119,4
DA:124,6
DA:125,0
DA:127,3
DA:148,3
DA:151,6
DA:156,0
end_of_record

SF:/code/lib/openzeppelin-contracts/contracts/utils/Context.sol
DA:18,5
end_of_record

SF:/code/lib/openzeppelin-contracts/contracts/utils/Nonces.sol
DA:20,0
DA:33,0
end_of_record

SF:/code/lib/openzeppelin-contracts/contracts/utils/ShortStrings.sol
DA:40,0
DA:42,0
DA:54,8
DA:55,0
DA:57,1
DA:66,0
DA:68,0
DA:79,0
DA:80,0
DA:81,0
DA:89,2
DA:90,16
DA:91,2
DA:94,0
DA:101,0
DA:102,0
DA:103,0
DA:105,0
end_of_record

SF:/code/lib/openzeppelin-contracts/contracts/utils/StorageSlot.sol
DA:31,0
end_of_record

SF:/code/lib/openzeppelin-contracts/contracts/utils/Strings.sol
DA:12,0
end_of_record

SF:/code/lib/openzeppelin-contracts/contracts/utils/cryptography/ECDSA.sol
DA:12,0
DA:122,0
DA:137,0
DA:138,0
DA:142,0
DA:143,0
DA:144,0
DA:147,0
DA:155,0
DA:156,0
DA:163,0
DA:164,0
DA:165,0
DA:166,0
DA:167,0
DA:168,0
DA:169,0
DA:170,0
DA:171,0
end_of_record

SF:/code/lib/openzeppelin-contracts/contracts/utils/cryptography/EIP712.sol
DA:38,26
DA:67,10
DA:68,10
DA:69,6
DA:70,8
DA:72,7
DA:73,1
DA:74,1
DA:80,0
DA:81,0
DA:82,0
DA:84,0
DA:89,9
DA:108,0
DA:132,0
DA:133,0
DA:147,0
DA:158,0
end_of_record

SF:/code/lib/openzeppelin-contracts/contracts/utils/cryptography/MessageHashUtils.sol
DA:15,0
DA:78,0
end_of_record

SF:/code/lib/openzeppelin-contracts/contracts/utils/introspection/ERC165.sol
DA:25,0
end_of_record

SF:/code/lib/openzeppelin-contracts/contracts/utils/introspection/IERC165.sol
end_of_record

SF:/code/lib/openzeppelin-contracts/contracts/utils/math/Math.sol
DA:9,0
DA:123,5
DA:130,12
DA:136,5
DA:140,8
DA:144,0
DA:145,0
DA:154,0
DA:166,0
DA:167,0
DA:179,0
DA:184,0
DA:207,0
DA:208,4
DA:209,0
end_of_record

SF:/code/lib/openzeppelin-contracts/contracts/utils/math/SignedMath.sol
DA:9,0
end_of_record

SF:/code/test/echidna/Echidna_SpokeYieldVaultProps.sol
DA:10,529
DA:11,2
DA:12,2
DA:13,5
DA:14,0
DA:15,1
DA:22,4
DA:23,3
DA:28,6
DA:33,2
DA:34,4
DA:36,3
DA:40,3
DA:41,8
DA:43,2
DA:47,6
DA:48,5
DA:49,2
DA:53,0
DA:54,0
DA:55,0
DA:60,794
DA:63,1
DA:64,0
DA:67,35
DA:68,32
DA:69,28
DA:70,37
DA:72,27
DA:73,31
DA:86,27
DA:91,1
DA:92,29
DA:95,32
DA:99,1
DA:100,10
DA:104,1
DA:105,28
DA:111,20
DA:115,21
DA:119,14
DA:124,4
DA:128,5
DA:134,8
DA:135,0
DA:137,0
DA:139,0
DA:141,0
end_of_record

