TN:
SF:contracts/factory/VaultFactory.sol
DA:22,1
FN:22,VaultFactory.initialize
FNDA:1,VaultFactory.initialize
DA:23,1
DA:24,1
DA:25,1
DA:26,1
DA:27,1
DA:28,1
DA:31,0
FN:31,VaultFactory._authorizeUpgrade
FNDA:0,VaultFactory._authorizeUpgrade
DA:33,0
FN:33,VaultFactory.setImplementations
FNDA:0,VaultFactory.setImplementations
DA:34,0
DA:35,0
DA:41,1
FN:41,VaultFactory.create
FNDA:1,VaultFactory.create
DA:42,1
DA:43,1
DA:46,1
DA:50,1
BRDA:50,0,0,-
BRDA:50,0,1,1
DA:52,1
DA:53,1
DA:54,1
BRDA:54,1,0,-
BRDA:54,1,1,1
DA:55,1
DA:56,1
FNF:4
FNH:2
LF:21
LH:17
BRF:4
BRH:2
end_of_record
TN:
SF:contracts/hub/ControllerHub.sol
DA:93,3
FN:93,ControllerHub.setPause
FNDA:3,ControllerHub.setPause
DA:94,3
DA:95,3
DA:96,3
DA:100,50
FN:100,ControllerHub._price1e18
FNDA:50,ControllerHub._price1e18
DA:101,50
DA:102,50
DA:103,50
DA:104,0
DA:107,14
FN:107,ControllerHub._actionId
FNDA:14,ControllerHub._actionId
DA:108,14
DA:112,3
FN:112,ControllerHub._decreaseDebt
FNDA:3,ControllerHub._decreaseDebt
DA:113,3
DA:114,3
DA:115,3
DA:116,3
BRDA:116,2,0,-
DA:117,3
DA:118,3
DA:120,3
DA:121,3
DA:122,3
BRDA:122,3,0,-
DA:123,3
DA:126,9
FN:126,ControllerHub._increaseDebt
FNDA:9,ControllerHub._increaseDebt
DA:127,9
DA:128,9
DA:129,9
DA:130,9
DA:131,9
DA:132,9
DA:135,11
FN:135,ControllerHub._isBorrowAllowed
FNDA:11,ControllerHub._isBorrowAllowed
DA:136,11
DA:137,11
DA:138,11
DA:139,11
DA:140,11
DA:141,11
DA:142,11
DA:143,11
DA:144,11
DA:145,11
DA:146,11
DA:149,17
FN:149,ControllerHub.initialize
FNDA:17,ControllerHub.initialize
DA:150,17
DA:151,17
DA:152,17
DA:153,17
DA:154,17
DA:155,17
DA:156,17
DA:159,0
FN:159,ControllerHub._authorizeUpgrade
FNDA:0,ControllerHub._authorizeUpgrade
DA:162,15
FN:162,ControllerHub.listMarket
FNDA:15,ControllerHub.listMarket
DA:163,15
DA:165,15
BRDA:165,5,0,-
DA:166,15
BRDA:166,6,0,1
DA:167,14
BRDA:167,7,0,-
DA:168,14
BRDA:168,8,0,-
DA:169,14
BRDA:169,9,0,-
DA:170,14
BRDA:170,10,0,-
DA:172,14
BRDA:172,11,0,-
DA:174,14
BRDA:174,12,0,-
DA:175,14
DA:176,14
DA:177,14
DA:181,1
FN:181,ControllerHub.setParams
FNDA:1,ControllerHub.setParams
DA:182,1
DA:183,1
BRDA:183,13,0,-
DA:184,1
BRDA:184,14,0,-
DA:185,1
BRDA:185,15,0,1
DA:186,0
BRDA:186,16,0,-
DA:187,0
BRDA:187,17,0,-
DA:188,0
BRDA:188,18,0,-
DA:189,0
BRDA:189,19,0,-
DA:190,0
BRDA:190,20,0,-
DA:191,0
DA:192,0
DA:196,15
FN:196,ControllerHub.enterMarket
FNDA:15,ControllerHub.enterMarket
DA:197,15
DA:198,15
DA:201,1
FN:201,ControllerHub.exitMarket
FNDA:1,ControllerHub.exitMarket
DA:202,1
DA:203,1
DA:207,3
FN:207,ControllerHub.accrue
FNDA:3,ControllerHub.accrue
DA:208,19
DA:209,19
DA:210,19
BRDA:210,21,0,-
DA:211,19
DA:212,19
DA:213,2
DA:216,2
DA:217,2
DA:220,2
DA:221,2
BRDA:221,23,0,1
BRDA:221,23,1,1
DA:222,1
DA:224,1
DA:225,1
DA:226,1
DA:230,2
DA:231,2
DA:233,2
DA:234,2
DA:235,2
DA:236,2
DA:238,2
DA:239,2
DA:243,4
FN:243,ControllerHub.currentDebt
FNDA:4,ControllerHub.currentDebt
DA:244,29
DA:245,29
DA:246,29
DA:247,29
DA:248,18
DA:249,18
BRDA:249,26,0,-
DA:250,18
DA:254,1
FN:254,ControllerHub.healthFactor
FNDA:1,ControllerHub.healthFactor
DA:255,1
DA:256,1
DA:260,1
DA:264,12
FN:264,ControllerHub.borrow
FNDA:12,ControllerHub.borrow
DA:265,1
BRDA:265,27,0,1
DA:266,11
DA:267,11
DA:268,11
BRDA:268,28,0,-
DA:271,11
BRDA:271,29,0,1
DA:274,10
DA:275,10
DA:276,10
BRDA:276,30,0,1
DA:277,9
DA:279,9
DA:280,9
DA:284,9
FN:284,ControllerHub._emitBorrow
FNDA:9,ControllerHub._emitBorrow
DA:285,9
DA:286,9
DA:287,9
DA:288,9
DA:289,9
DA:290,9
DA:291,9
DA:292,9
DA:293,9
DA:294,9
DA:298,2
FN:298,ControllerHub.repay
FNDA:2,ControllerHub.repay
DA:299,2
DA:300,2
DA:301,2
BRDA:301,31,0,-
DA:302,2
DA:303,2
DA:304,2
DA:305,2
DA:306,2
BRDA:306,33,0,-
DA:307,2
DA:308,2
DA:309,2
DA:310,2
DA:311,2
DA:314,2
FN:314,ControllerHub._emitRepay
FNDA:2,ControllerHub._emitRepay
DA:315,2
DA:319,4
FN:319,ControllerHub.liquidate
FNDA:4,ControllerHub.liquidate
DA:320,1
BRDA:320,34,0,1
DA:321,3
DA:322,3
DA:323,3
DA:326,3
FN:326,ControllerHub._quoteAndValidateLiquidation
FNDA:3,ControllerHub._quoteAndValidateLiquidation
DA:331,3
DA:332,3
BRDA:332,35,0,-
DA:333,3
DA:334,3
BRDA:334,36,0,-
DA:335,3
BRDA:335,37,0,-
DA:337,3
DA:338,3
DA:339,3
DA:340,3
DA:341,3
DA:342,3
BRDA:342,38,0,-
DA:344,3
DA:345,3
DA:346,3
DA:348,3
DA:349,3
DA:350,3
DA:353,3
FN:353,ControllerHub._finalizeLiquidation
FNDA:3,ControllerHub._finalizeLiquidation
DA:354,3
DA:355,3
DA:356,3
DA:357,3
DA:360,3
FN:360,ControllerHub._emitLiquidate
FNDA:3,ControllerHub._emitLiquidate
DA:361,3
DA:362,3
DA:366,1
FN:366,ControllerHub.setBorrowCap
FNDA:1,ControllerHub.setBorrowCap
DA:367,1
DA:368,1
DA:372,2
FN:372,ControllerHub.accountLiquidity
FNDA:2,ControllerHub.accountLiquidity
DA:373,2
DA:374,2
DA:375,2
DA:376,2
DA:377,2
DA:378,2
DA:379,2
DA:380,2
DA:384,8
FN:384,ControllerHub.marketStateExtended
FNDA:8,ControllerHub.marketStateExtended
DA:385,8
DA:386,8
DA:387,8
DA:388,8
FNF:26
FNH:25
LF:203
LH:194
BRF:33
BRH:8
end_of_record
TN:
SF:contracts/hub/PriceOracleRouter.sol
DA:39,21
FN:39,PriceOracleRouter.initialize
FNDA:21,PriceOracleRouter.initialize
DA:40,21
DA:41,21
DA:42,21
DA:43,21
DA:44,21
DA:47,0
FN:47,PriceOracleRouter._authorizeUpgrade
FNDA:0,PriceOracleRouter._authorizeUpgrade
DA:49,38
FN:49,PriceOracleRouter.setFeed
FNDA:38,PriceOracleRouter.setFeed
DA:50,38
BRDA:50,0,0,-
DA:51,38
DA:52,38
DA:55,2
FN:55,PriceOracleRouter.setSequencerOracle
FNDA:2,PriceOracleRouter.setSequencerOracle
DA:56,2
DA:57,2
DA:60,60
FN:60,PriceOracleRouter.getPrice
FNDA:60,PriceOracleRouter.getPrice
DA:61,60
DA:64,60
FN:64,PriceOracleRouter._checkedPrice
FNDA:60,PriceOracleRouter._checkedPrice
DA:66,60
BRDA:66,1,0,4
DA:67,4
DA:68,4
BRDA:68,2,0,2
DA:69,2
BRDA:69,3,0,1
DA:71,57
DA:72,57
DA:73,57
BRDA:73,4,0,-
DA:74,57
BRDA:74,5,0,3
DA:75,54
BRDA:75,6,0,2
DA:76,2
DA:77,2
BRDA:77,7,0,2
DA:78,2
DA:79,2
DA:80,2
DA:81,2
BRDA:81,8,0,1
DA:84,53
FNF:6
FNH:5
LF:33
LH:32
BRF:9
BRH:7
end_of_record
TN:
SF:contracts/hub/SuperVaultHub.sol
DA:44,11736
FN:44,SuperVaultHub.initialize
FNDA:11736,SuperVaultHub.initialize
DA:45,264
DA:46,264
DA:47,264
DA:48,264
BRDA:48,0,0,2
DA:49,262
DA:50,262
DA:51,262
DA:52,262
DA:53,262
DA:54,262
DA:55,262
DA:59,0
FN:59,SuperVaultHub._authorizeUpgrade
FNDA:0,SuperVaultHub._authorizeUpgrade
DA:62,11560
FN:62,SuperVaultHub.setBridgeEnabled
FNDA:11560,SuperVaultHub.setBridgeEnabled
DA:63,23
DA:64,23
DA:68,11741
FN:68,SuperVaultHub.registerSpoke
FNDA:11741,SuperVaultHub.registerSpoke
DA:69,23
BRDA:69,1,0,-
DA:70,23
DA:71,23
DA:75,11733
FN:75,SuperVaultHub.creditRemoteDeposit
FNDA:11733,SuperVaultHub.creditRemoteDeposit
DA:83,24
BRDA:83,2,0,1
DA:84,23
BRDA:84,3,0,21
DA:85,1
BRDA:85,4,0,1
DA:86,1
DA:89,1
DA:91,1
DA:92,1
DA:96,11392
FN:96,SuperVaultHub.requestRemoteWithdrawal
FNDA:11392,SuperVaultHub.requestRemoteWithdrawal
DA:97,18
BRDA:97,5,0,-
DA:98,18
DA:99,18
DA:103,11588
FN:103,SuperVaultHub.requestRebalance
FNDA:11588,SuperVaultHub.requestRebalance
DA:104,24
DA:105,24
DA:109,11430
FN:109,SuperVaultHub.controllerCall
FNDA:11430,SuperVaultHub.controllerCall
DA:110,0
DA:115,1
FN:115,SuperVaultHub.isNonceUsed
FNDA:1,SuperVaultHub.isNonceUsed
DA:116,1
DA:120,1
FN:120,SuperVaultHub.getSpoke
FNDA:1,SuperVaultHub.getSpoke
DA:121,1
FNF:10
FNH:9
LF:41
LH:39
BRF:6
BRH:4
end_of_record
TN:
SF:contracts/messaging/SuperchainAdapter.sol
DA:46,11
FN:46,SuperchainAdapter.initialize
FNDA:11,SuperchainAdapter.initialize
DA:47,11
DA:48,11
DA:49,11
DA:50,11
DA:51,11
DA:52,11
DA:53,11
DA:57,0
FN:57,SuperchainAdapter._authorizeUpgrade
FNDA:0,SuperchainAdapter._authorizeUpgrade
DA:60,2
FN:60,SuperchainAdapter.setBridgeEnabled
FNDA:2,SuperchainAdapter.setBridgeEnabled
DA:61,2
DA:62,2
DA:66,8
FN:66,SuperchainAdapter.setAllowedSender
FNDA:8,SuperchainAdapter.setAllowedSender
DA:67,7
DA:68,7
DA:72,9
FN:72,SuperchainAdapter.setAllowedSelector
FNDA:9,SuperchainAdapter.setAllowedSelector
DA:73,8
DA:74,8
DA:81,5
FN:81,SuperchainAdapter.send
FNDA:5,SuperchainAdapter.send
DA:82,5
BRDA:82,0,0,1
DA:84,4
BRDA:84,1,0,-
DA:85,4
DA:87,4
DA:89,4
BRDA:89,2,0,1
DA:90,3
DA:91,3
DA:94,3
DA:96,3
DA:97,3
DA:98,3
DA:103,2
FN:103,SuperchainAdapter.acceptIncoming
FNDA:2,SuperchainAdapter.acceptIncoming
DA:104,2
BRDA:104,3,0,-
DA:105,2
BRDA:105,4,0,-
DA:106,2
BRDA:106,5,0,-
DA:107,2
DA:108,1
BRDA:108,6,0,1
DA:109,1
DA:110,1
DA:118,4
FN:118,SuperchainAdapter.authIncoming
FNDA:4,SuperchainAdapter.authIncoming
DA:124,4
BRDA:124,7,0,1
DA:125,3
BRDA:125,8,0,1
DA:128,2
FNF:8
FNH:7
LF:42
LH:41
BRF:9
BRH:5
end_of_record
TN:
SF:contracts/mocks/MockAggregator.sol
DA:8,42
FN:8,MockAggregator.constructor
FNDA:42,MockAggregator.constructor
DA:9,42
DA:10,42
DA:13,7
FN:13,MockAggregator.setAnswer
FNDA:7,MockAggregator.setAnswer
DA:14,3
FN:14,MockAggregator.setUpdatedAt
FNDA:3,MockAggregator.setUpdatedAt
DA:16,59
FN:16,MockAggregator.latestRoundData
FNDA:59,MockAggregator.latestRoundData
DA:17,59
FNF:4
FNH:4
LF:7
LH:7
BRF:0
BRH:0
end_of_record
TN:
SF:contracts/rewards/EmissionsController.sol
DA:26,2
FN:26,EmissionsController.initialize
FNDA:2,EmissionsController.initialize
DA:27,2
DA:28,2
DA:29,2
DA:30,2
DA:31,2
DA:32,2
DA:35,0
FN:35,EmissionsController._authorizeUpgrade
FNDA:0,EmissionsController._authorizeUpgrade
DA:37,2
FN:37,EmissionsController.setEpochCap
FNDA:2,EmissionsController.setEpochCap
DA:38,2
DA:39,2
DA:42,2
FN:42,EmissionsController.setPerChainCap
FNDA:2,EmissionsController.setPerChainCap
DA:43,2
DA:44,2
DA:48,0
FN:48,EmissionsController.setEpochStart
FNDA:0,EmissionsController.setEpochStart
DA:49,0
DA:50,0
DA:55,1
FN:55,EmissionsController.instructDistribute
FNDA:1,EmissionsController.instructDistribute
DA:57,1
BRDA:57,0,0,1
DA:58,1
BRDA:58,1,0,-
BRDA:58,1,1,1
DA:60,1
DA:61,1
BRDA:61,2,0,1
DA:62,1
DA:63,1
BRDA:63,3,0,-
BRDA:63,3,1,1
DA:64,1
DA:66,1
DA:67,1
FNF:6
FNH:4
LF:27
LH:23
BRF:6
BRH:4
end_of_record
TN:
SF:contracts/rewards/PerChainRewardsDistributor.sol
DA:32,2
FN:32,PerChainRewardsDistributor.initialize
FNDA:2,PerChainRewardsDistributor.initialize
DA:33,2
DA:34,2
DA:35,2
DA:36,2
DA:37,2
DA:38,2
DA:39,2
DA:40,2
DA:43,0
FN:43,PerChainRewardsDistributor._authorizeUpgrade
FNDA:0,PerChainRewardsDistributor._authorizeUpgrade
DA:45,1
FN:45,PerChainRewardsDistributor.addRewards
FNDA:1,PerChainRewardsDistributor.addRewards
DA:46,1
DA:47,1
DA:48,1
BRDA:48,0,0,1
DA:49,1
DA:50,1
DA:52,1
DA:55,1
FN:55,PerChainRewardsDistributor.checkpoint
FNDA:1,PerChainRewardsDistributor.checkpoint
DA:56,2
DA:57,2
DA:58,2
BRDA:58,1,0,1
DA:59,1
DA:60,1
DA:61,1
DA:62,1
DA:63,1
DA:67,1
FN:67,PerChainRewardsDistributor.claim
FNDA:1,PerChainRewardsDistributor.claim
DA:68,1
DA:69,1
DA:70,1
DA:71,1
DA:72,1
DA:75,0
FN:75,PerChainRewardsDistributor.pause
FNDA:0,PerChainRewardsDistributor.pause
DA:76,0
FN:76,PerChainRewardsDistributor.unpause
FNDA:0,PerChainRewardsDistributor.unpause
FNF:7
FNH:4
LF:34
LH:31
BRF:2
BRH:2
end_of_record
TN:
SF:contracts/spoke/SpokeYieldVault.sol
DA:77,16
FN:77,SpokeYieldVault.initialize
FNDA:16,SpokeYieldVault.initialize
DA:89,16
DA:90,16
DA:91,16
DA:92,16
DA:93,16
DA:94,16
DA:95,16
DA:96,16
DA:97,16
DA:98,16
DA:99,16
DA:100,16
DA:101,16
DA:102,16
DA:103,16
DA:104,16
DA:105,16
DA:108,0
FN:108,SpokeYieldVault._authorizeUpgrade
FNDA:0,SpokeYieldVault._authorizeUpgrade
DA:111,4
FN:111,SpokeYieldVault.setFlags
FNDA:4,SpokeYieldVault.setFlags
DA:112,4
DA:113,4
DA:114,4
DA:115,4
DA:119,2
FN:119,SpokeYieldVault.setWithdrawalBufferBps
FNDA:2,SpokeYieldVault.setWithdrawalBufferBps
DA:120,2
BRDA:120,0,0,-
BRDA:120,0,1,2
DA:121,2
DA:126,7
FN:126,SpokeYieldVault.deposit
FNDA:7,SpokeYieldVault.deposit
DA:133,7
BRDA:133,1,0,1
DA:134,6
DA:136,6
DA:137,6
DA:141,1
FN:141,SpokeYieldVault.redeem
FNDA:1,SpokeYieldVault.redeem
DA:149,1
DA:150,1
DA:151,1
DA:155,4
FN:155,SpokeYieldVault.allocateToAdapter
FNDA:4,SpokeYieldVault.allocateToAdapter
DA:160,4
BRDA:160,2,0,1
DA:161,3
DA:163,3
DA:164,3
BRDA:164,3,0,1
DA:166,2
DA:167,2
DA:168,2
BRDA:168,4,0,-
BRDA:168,4,1,2
DA:169,2
DA:172,1
FN:172,SpokeYieldVault.deallocateFromAdapter
FNDA:1,SpokeYieldVault.deallocateFromAdapter
DA:177,1
DA:178,1
BRDA:178,5,0,-
BRDA:178,5,1,1
DA:179,1
DA:182,2
FN:182,SpokeYieldVault.harvestAdapter
FNDA:2,SpokeYieldVault.harvestAdapter
DA:187,2
DA:188,2
BRDA:188,6,0,-
BRDA:188,6,1,2
DA:189,2
DA:193,4
FN:193,SpokeYieldVault.onRemoteCredit
FNDA:4,SpokeYieldVault.onRemoteCredit
DA:194,3
BRDA:194,7,0,1
DA:196,2
DA:197,1
BRDA:197,8,0,1
DA:198,1
DA:200,1
DA:201,1
DA:202,1
DA:205,4
FN:205,SpokeYieldVault.requestRemoteLiquidity
FNDA:4,SpokeYieldVault.requestRemoteLiquidity
DA:207,3
DA:208,3
DA:209,3
DA:210,3
DA:211,3
BRDA:211,9,0,1
BRDA:211,9,1,-
DA:212,1
DA:213,1
DA:214,1
DA:226,1
DA:229,2
BRDA:229,10,0,2
DA:234,2
FN:234,SpokeYieldVault.payOutBorrow
FNDA:2,SpokeYieldVault.payOutBorrow
DA:235,1
DA:236,1
DA:237,1
DA:240,3
FN:240,SpokeYieldVault.onSeizeShares
FNDA:3,SpokeYieldVault.onSeizeShares
DA:242,2
DA:244,2
DA:245,2
DA:246,2
FNF:13
FNH:12
LF:81
LH:80
BRF:16
BRH:11
end_of_record
TN:
SF:contracts/strategy/AaveV3Adapter.sol
DA:12,6
FN:12,AaveV3Adapter.initialize
FNDA:6,AaveV3Adapter.initialize
DA:13,6
BRDA:13,0,0,-
DA:14,6
DA:17,1
FN:17,AaveV3Adapter.totalAssets
FNDA:1,AaveV3Adapter.totalAssets
DA:19,1
DA:22,2
FN:22,AaveV3Adapter._deposit
FNDA:2,AaveV3Adapter._deposit
DA:25,2
DA:28,2
FN:28,AaveV3Adapter._withdraw
FNDA:2,AaveV3Adapter._withdraw
DA:29,2
DA:30,2
BRDA:30,1,0,2
DA:31,2
DA:34,2
DA:35,2
DA:36,2
BRDA:36,2,0,1
DA:39,2
FN:39,AaveV3Adapter._harvest
FNDA:2,AaveV3Adapter._harvest
DA:41,0
FNF:5
FNH:5
LF:16
LH:15
BRF:3
BRH:2
end_of_record
TN:
SF:contracts/strategy/AdapterRegistry.sol
DA:25,6
FN:25,AdapterRegistry.initialize
FNDA:6,AdapterRegistry.initialize
DA:26,6
DA:27,6
DA:28,6
DA:29,6
DA:30,6
DA:34,0
FN:34,AdapterRegistry._authorizeUpgrade
FNDA:0,AdapterRegistry._authorizeUpgrade
DA:36,10
FN:36,AdapterRegistry.setAdapter
FNDA:10,AdapterRegistry.setAdapter
DA:37,9
DA:38,9
DA:41,2
FN:41,AdapterRegistry.isAllowed
FNDA:2,AdapterRegistry.isAllowed
DA:42,2
DA:45,2
FN:45,AdapterRegistry.capOf
FNDA:2,AdapterRegistry.capOf
DA:46,2
DA:49,1
FN:49,AdapterRegistry.pause
FNDA:1,AdapterRegistry.pause
DA:51,0
FN:51,AdapterRegistry.unpause
FNDA:0,AdapterRegistry.unpause
FNF:7
FNH:5
LF:16
LH:14
BRF:0
BRH:0
end_of_record
TN:
SF:contracts/strategy/BaseAdapter.sol
DA:32,12
FN:32,BaseAdapter.__BaseAdapter_init
FNDA:12,BaseAdapter.__BaseAdapter_init
DA:33,12
DA:34,12
DA:35,12
DA:36,12
DA:37,12
DA:38,12
DA:39,12
DA:47,5
FN:47,BaseAdapter.onlyVault
FNDA:5,BaseAdapter.onlyVault
DA:48,5
BRDA:48,0,0,-
DA:54,1
FN:54,BaseAdapter.setCap
FNDA:1,BaseAdapter.setCap
DA:55,1
DA:59,0
FN:59,BaseAdapter.asset
FNDA:0,BaseAdapter.asset
DA:60,0
DA:70,4
FN:70,BaseAdapter.deposit
FNDA:4,BaseAdapter.deposit
DA:71,4
DA:72,4
DA:79,5
FN:79,BaseAdapter.withdraw
FNDA:5,BaseAdapter.withdraw
DA:80,5
DA:81,3
DA:87,3
FN:87,BaseAdapter.harvest
FNDA:3,BaseAdapter.harvest
DA:88,3
DA:89,3
DA:100,1
FN:100,BaseAdapter.emergencyWithdraw
FNDA:1,BaseAdapter.emergencyWithdraw
DA:101,1
DA:102,1
BRDA:102,1,0,-
DA:103,1
DA:104,1
DA:107,1
FN:107,BaseAdapter.pause
FNDA:1,BaseAdapter.pause
DA:108,1
FN:108,BaseAdapter.unpause
FNDA:1,BaseAdapter.unpause
FNF:10
FNH:9
LF:30
LH:28
BRF:2
BRH:0
end_of_record
TN:
SF:contracts/strategy/VelodromeLPAdapter.sol
DA:15,6
FN:15,VelodromeLPAdapter.initialize
FNDA:6,VelodromeLPAdapter.initialize
DA:16,6
BRDA:16,0,0,-
DA:17,6
DA:20,0
FN:20,VelodromeLPAdapter.totalAssets
FNDA:0,VelodromeLPAdapter.totalAssets
DA:22,0
DA:25,2
FN:25,VelodromeLPAdapter._deposit
FNDA:2,VelodromeLPAdapter._deposit
DA:26,2
DA:27,2
DA:30,3
FN:30,VelodromeLPAdapter._withdraw
FNDA:3,VelodromeLPAdapter._withdraw
DA:32,3
BRDA:32,1,0,1
BRDA:32,1,1,2
DA:33,2
DA:34,2
BRDA:34,2,0,-
DA:35,0
DA:37,2
DA:38,2
DA:39,2
BRDA:39,3,0,-
DA:42,1
FN:42,VelodromeLPAdapter._harvest
FNDA:1,VelodromeLPAdapter._harvest
DA:43,0
DA:46,1
FN:46,VelodromeLPAdapter.setCooldown
FNDA:1,VelodromeLPAdapter.setCooldown
DA:47,1
FNF:6
FNH:5
LF:20
LH:16
BRF:5
BRH:2
end_of_record
TN:
SF:contracts/tokens/SuperchainERC20.sol
DA:17,16
FN:17,SuperchainERC20.constructor
FNDA:16,SuperchainERC20.constructor
DA:21,16
DA:25,23
FN:25,SuperchainERC20.grantMinter
FNDA:23,SuperchainERC20.grantMinter
DA:26,23
DA:27,23
DA:31,1
FN:31,SuperchainERC20.revokeMinter
FNDA:1,SuperchainERC20.revokeMinter
DA:32,1
DA:33,1
DA:37,9
FN:37,SuperchainERC20.mint
FNDA:9,SuperchainERC20.mint
DA:38,8
DA:42,4
FN:42,SuperchainERC20.burn
FNDA:4,SuperchainERC20.burn
DA:43,4
DA:46,0
FN:46,SuperchainERC20.decimals
FNDA:0,SuperchainERC20.decimals
DA:47,0
FNF:6
FNH:5
LF:14
LH:12
BRF:0
BRH:0
end_of_record
TN:
SF:script/DeployPhase1.s.sol
DA:8,0
FN:8,DeployPhase1.run
FNDA:0,DeployPhase1.run
FNF:1
FNH:0
LF:1
LH:0
BRF:0
BRH:0
end_of_record
TN:
SF:script/DeployPhase2.s.sol
DA:8,0
FN:8,DeployPhase2.run
FNDA:0,DeployPhase2.run
FNF:1
FNH:0
LF:1
LH:0
BRF:0
BRH:0
end_of_record
TN:
SF:test/spec/SpecCompliance.t.sol
DA:19,1
FN:19,SequencerMock.constructor
FNDA:1,SequencerMock.constructor
DA:20,1
FN:20,SequencerMock.latestRoundData
FNDA:1,SequencerMock.latestRoundData
DA:29,4
FN:29,TERC20.constructor
FNDA:4,TERC20.constructor
DA:30,1
FN:30,TERC20.transfer
FNDA:1,TERC20.transfer
DA:31,4
FN:31,TERC20.approve
FNDA:4,TERC20.approve
DA:32,1
FN:32,TERC20.transferFrom
FNDA:1,TERC20.transferFrom
BRDA:32,0,0,-
BRDA:32,0,1,1
BRDA:32,1,0,-
DA:33,4
FN:33,TERC20.mint
FNDA:4,TERC20.mint
FNF:7
FNH:7
LF:7
LH:7
BRF:3
BRH:1
end_of_record
TN:
SF:test/unit/AdapterBehavior.t.sol
DA:13,2
FN:13,MockERC20.constructor
FNDA:2,MockERC20.constructor
DA:14,3
FN:14,MockERC20.transfer
FNDA:3,MockERC20.transfer
DA:15,0
FN:15,MockERC20.approve
FNDA:0,MockERC20.approve
DA:16,0
FN:16,MockERC20.transferFrom
FNDA:0,MockERC20.transferFrom
BRDA:16,0,0,-
BRDA:16,0,1,-
BRDA:16,1,0,-
DA:17,2
FN:17,MockERC20.mint
FNDA:2,MockERC20.mint
FNF:5
FNH:3
LF:5
LH:3
BRF:3
BRH:0
end_of_record
TN:
SF:test/unit/ControllerHub.t.sol
DA:14,8
FN:14,TestERC20.constructor
FNDA:8,TestERC20.constructor
DA:15,0
FN:15,TestERC20.transfer
FNDA:0,TestERC20.transfer
DA:16,0
FN:16,TestERC20.approve
FNDA:0,TestERC20.approve
DA:17,0
FN:17,TestERC20.transferFrom
FNDA:0,TestERC20.transferFrom
BRDA:17,0,0,-
BRDA:17,0,1,-
BRDA:17,1,0,-
DA:18,4
FN:18,TestERC20.mint
FNDA:4,TestERC20.mint
DA:23,1
FN:23,MockSpokeVault.onSeizeShares
FNDA:1,MockSpokeVault.onSeizeShares
FNF:6
FNH:3
LF:6
LH:3
BRF:3
BRH:0
end_of_record
TN:
SF:test/unit/ControllerHubCoverage.t.sol
DA:14,14
FN:14,ERC20MockCheap.constructor
FNDA:14,ERC20MockCheap.constructor
DA:15,0
FN:15,ERC20MockCheap.transfer
FNDA:0,ERC20MockCheap.transfer
DA:16,0
FN:16,ERC20MockCheap.approve
FNDA:0,ERC20MockCheap.approve
DA:17,0
FN:17,ERC20MockCheap.transferFrom
FNDA:0,ERC20MockCheap.transferFrom
BRDA:17,0,0,-
BRDA:17,0,1,-
BRDA:17,1,0,-
DA:18,7
FN:18,ERC20MockCheap.mint
FNDA:7,ERC20MockCheap.mint
FNF:5
FNH:2
LF:5
LH:2
BRF:3
BRH:0
end_of_record
TN:
SF:test/unit/ControllerHubPolicy.t.sol
DA:11,1
FN:11,SeizeMock.onSeizeShares
FNDA:1,SeizeMock.onSeizeShares
DA:12,1
DA:21,4
FN:21,TestERC20.constructor
FNDA:4,TestERC20.constructor
DA:22,0
FN:22,TestERC20.transfer
FNDA:0,TestERC20.transfer
DA:23,0
FN:23,TestERC20.approve
FNDA:0,TestERC20.approve
DA:24,0
FN:24,TestERC20.transferFrom
FNDA:0,TestERC20.transferFrom
BRDA:24,0,0,-
BRDA:24,0,1,-
BRDA:24,1,0,-
DA:25,2
FN:25,TestERC20.mint
FNDA:2,TestERC20.mint
FNF:6
FNH:3
LF:7
LH:4
BRF:3
BRH:0
end_of_record
TN:
SF:test/unit/EmissionsAndRewards.t.sol
DA:13,2
FN:13,MockERC20.constructor
FNDA:2,MockERC20.constructor
DA:14,1
FN:14,MockERC20.transfer
FNDA:1,MockERC20.transfer
DA:15,2
FN:15,MockERC20.approve
FNDA:2,MockERC20.approve
DA:16,1
FN:16,MockERC20.transferFrom
FNDA:1,MockERC20.transferFrom
BRDA:16,0,0,-
BRDA:16,0,1,1
BRDA:16,1,0,-
DA:17,2
FN:17,MockERC20.mint
FNDA:2,MockERC20.mint
DA:22,1
FN:22,MockShareToken.totalSupply
FNDA:1,MockShareToken.totalSupply
DA:23,2
FN:23,MockShareToken.mint
FNDA:2,MockShareToken.mint
FNF:7
FNH:7
LF:7
LH:7
BRF:3
BRH:1
end_of_record
TN:
SF:test/unit/PriceOracleRouter.t.sol
DA:10,1
FN:10,MockSequencerOracle.constructor
FNDA:1,MockSequencerOracle.constructor
DA:11,2
FN:11,MockSequencerOracle.setUp
FNDA:2,MockSequencerOracle.setUp
DA:12,2
FN:12,MockSequencerOracle.setUpdatedAt
FNDA:2,MockSequencerOracle.setUpdatedAt
DA:13,3
FN:13,MockSequencerOracle.latestRoundData
FNDA:3,MockSequencerOracle.latestRoundData
DA:15,3
FNF:4
FNH:4
LF:5
LH:5
BRF:0
BRH:0
end_of_record
TN:
SF:test/unit/SpokeYieldVault.t.sol
DA:10,1
FN:10,MockAdapterRegistry.isAllowed
FNDA:1,MockAdapterRegistry.isAllowed
DA:11,1
FN:11,MockAdapterRegistry.capOf
FNDA:1,MockAdapterRegistry.capOf
DA:16,2
FN:16,MockAdapterRegistryVar.constructor
FNDA:2,MockAdapterRegistryVar.constructor
DA:17,0
FN:17,MockAdapterRegistryVar.set
FNDA:0,MockAdapterRegistryVar.set
DA:18,2
FN:18,MockAdapterRegistryVar.isAllowed
FNDA:2,MockAdapterRegistryVar.isAllowed
DA:19,1
FN:19,MockAdapterRegistryVar.capOf
FNDA:1,MockAdapterRegistryVar.capOf
DA:26,2
FN:26,MockAdapterTarget.totalAssets
FNDA:2,MockAdapterTarget.totalAssets
DA:27,1
FN:27,MockAdapterTarget.deposit
FNDA:1,MockAdapterTarget.deposit
DA:28,1
FN:28,MockAdapterTarget.withdraw
FNDA:1,MockAdapterTarget.withdraw
DA:29,1
FN:29,MockAdapterTarget.harvest
FNDA:1,MockAdapterTarget.harvest
DA:37,9
FN:37,TestERC20.constructor
FNDA:9,TestERC20.constructor
DA:38,4
FN:38,TestERC20.transfer
FNDA:4,TestERC20.transfer
DA:39,9
FN:39,TestERC20.approve
FNDA:9,TestERC20.approve
DA:40,6
FN:40,TestERC20.transferFrom
FNDA:6,TestERC20.transferFrom
BRDA:40,0,0,-
BRDA:40,0,1,6
BRDA:40,1,0,-
DA:41,9
FN:41,TestERC20.mint
FNDA:9,TestERC20.mint
DA:42,0
FN:42,TestERC20.totalSupply
FNDA:0,TestERC20.totalSupply
FNF:16
FNH:14
LF:16
LH:14
BRF:3
BRH:1
end_of_record
TN:
SF:test/unit/SuperchainAdapterFlow.t.sol
DA:9,1
FN:9,MockMessenger.sendMessage
FNDA:1,MockMessenger.sendMessage
DA:14,0
FN:14,ReceiverMock.handle
FNDA:0,ReceiverMock.handle
DA:16,0
DA:17,0
FNF:2
FNH:1
LF:4
LH:1
BRF:0
BRH:0
end_of_record
TN:
SF:test/unit/SuperchainAdapterNegative.t.sol
DA:9,2
FN:9,MockMessengerNeg.sendMessage
FNDA:2,MockMessengerNeg.sendMessage
FNF:1
FNH:1
LF:1
LH:1
BRF:0
BRH:0
end_of_record
TN:
SF:test/unit/VelodromeAdapter.t.sol
DA:13,2
FN:13,MockERC20Velo.constructor
FNDA:2,MockERC20Velo.constructor
DA:14,2
FN:14,MockERC20Velo.transfer
FNDA:2,MockERC20Velo.transfer
DA:15,0
FN:15,MockERC20Velo.approve
FNDA:0,MockERC20Velo.approve
DA:16,0
FN:16,MockERC20Velo.transferFrom
FNDA:0,MockERC20Velo.transferFrom
BRDA:16,0,0,-
BRDA:16,0,1,-
BRDA:16,1,0,-
DA:17,2
FN:17,MockERC20Velo.mint
FNDA:2,MockERC20Velo.mint
FNF:5
FNH:3
LF:5
LH:3
BRF:3
BRH:0
end_of_record
