TN:
SF:contracts/factory/VaultFactory.sol
DA:35,12
FN:35,VaultFactory.initialize
FNDA:12,VaultFactory.initialize
DA:36,12
DA:37,12
DA:38,12
DA:39,12
DA:40,12
DA:41,12
DA:42,12
DA:45,0
FN:45,VaultFactory._authorizeUpgrade
FNDA:0,VaultFactory._authorizeUpgrade
DA:48,6
FN:48,VaultFactory.setImplementations
FNDA:6,VaultFactory.setImplementations
DA:49,5
DA:50,5
DA:54,4
FN:54,VaultFactory.setProxyDeployer
FNDA:4,VaultFactory.setProxyDeployer
DA:55,3
DA:72,11
FN:72,VaultFactory.create
FNDA:11,VaultFactory.create
DA:74,11
DA:77,11
DA:92,11
DA:93,11
BRDA:93,0,0,1
BRDA:93,0,1,10
DA:94,10
DA:95,10
BRDA:95,1,0,2
BRDA:95,1,1,8
DA:96,8
DA:97,8
DA:100,8
DA:101,8
BRDA:101,2,0,-
BRDA:101,2,1,8
DA:103,8
DA:104,8
FNF:5
FNH:4
LF:27
LH:26
BRF:6
BRH:5
end_of_record
TN:
SF:contracts/hub/ControllerHub.sol
DA:167,5
FN:167,ControllerHub.setPause
FNDA:5,ControllerHub.setPause
DA:168,5
DA:169,5
DA:170,5
DA:171,2
BRDA:171,0,0,2
DA:173,2
DA:178,4641
FN:178,ControllerHub._price1e18
FNDA:4641,ControllerHub._price1e18
DA:179,4641
DA:180,4641
DA:181,4597
DA:182,3
DA:185,2499
FN:185,ControllerHub._actionId
FNDA:2499,ControllerHub._actionId
DA:190,2499
DA:207,261
FN:207,ControllerHub._decreaseDebt
FNDA:261,ControllerHub._decreaseDebt
DA:211,261
DA:212,261
DA:213,261
DA:214,261
BRDA:214,3,0,-
DA:215,261
DA:216,261
DA:218,261
DA:219,261
DA:220,261
BRDA:220,4,0,-
DA:221,261
DA:224,719
FN:224,ControllerHub._increaseDebt
FNDA:719,ControllerHub._increaseDebt
DA:225,719
DA:226,719
DA:227,719
DA:228,719
DA:229,719
DA:230,719
DA:233,788
FN:233,ControllerHub._isBorrowAllowed
FNDA:788,ControllerHub._isBorrowAllowed
DA:234,788
DA:235,788
DA:236,787
DA:237,787
DA:238,787
DA:239,787
DA:240,787
DA:241,787
DA:242,787
DA:243,787
DA:244,787
DA:247,57
FN:247,ControllerHub.initialize
FNDA:57,ControllerHub.initialize
DA:248,57
DA:249,57
DA:250,57
DA:251,57
DA:252,57
DA:253,57
DA:254,57
DA:255,57
DA:258,0
FN:258,ControllerHub._authorizeUpgrade
FNDA:0,ControllerHub._authorizeUpgrade
DA:261,3
FN:261,ControllerHub.proposeGovernor
FNDA:3,ControllerHub.proposeGovernor
DA:262,3
BRDA:262,6,0,1
DA:263,2
DA:264,2
DA:267,3
FN:267,ControllerHub.acceptGovernor
FNDA:3,ControllerHub.acceptGovernor
DA:268,3
BRDA:268,7,0,1
BRDA:268,7,1,2
DA:269,2
DA:270,2
DA:271,2
DA:272,2
DA:273,2
DA:274,2
DA:275,2
DA:276,2
DA:280,312
FN:280,ControllerHub.listMarket
FNDA:312,ControllerHub.listMarket
DA:281,312
DA:283,312
BRDA:283,8,0,2
DA:284,310
BRDA:284,9,0,2
DA:285,308
BRDA:285,10,0,2
DA:286,306
BRDA:286,11,0,-
DA:287,306
BRDA:287,12,0,-
DA:288,306
BRDA:288,13,0,-
DA:290,306
BRDA:290,14,0,1
DA:292,305
BRDA:292,15,0,1
DA:293,304
DA:294,304
BRDA:294,16,0,48
DA:295,48
DA:296,48
DA:298,304
DA:305,304
DA:319,276
FN:319,ControllerHub.setParams
FNDA:276,ControllerHub.setParams
DA:320,276
DA:321,276
BRDA:321,17,0,6
DA:322,270
BRDA:322,18,0,-
DA:323,270
BRDA:323,19,0,1
DA:324,269
BRDA:324,20,0,-
DA:325,269
BRDA:325,21,0,-
DA:326,269
BRDA:326,22,0,-
DA:327,269
BRDA:327,23,0,-
DA:328,269
BRDA:328,24,0,-
DA:329,269
DA:330,269
DA:344,56
FN:344,ControllerHub.enterMarket
FNDA:56,ControllerHub.enterMarket
DA:345,56
DA:346,56
DA:349,5
FN:349,ControllerHub.exitMarket
FNDA:5,ControllerHub.exitMarket
DA:351,5
DA:352,5
BRDA:352,25,0,2
BRDA:352,25,1,3
DA:353,3
DA:354,3
DA:358,5
FN:358,ControllerHub.accrue
FNDA:5,ControllerHub.accrue
DA:359,1075
DA:360,1075
DA:361,1075
BRDA:361,26,0,2
DA:362,1073
DA:363,1073
DA:364,3
DA:367,3
DA:368,3
DA:371,3
DA:372,3
BRDA:372,28,0,2
BRDA:372,28,1,1
DA:373,2
DA:376,1
DA:377,1
DA:378,1
DA:382,3
DA:383,3
DA:385,3
DA:386,3
DA:387,3
DA:388,3
DA:390,3
DA:391,3
DA:392,3
DA:396,788
FN:396,ControllerHub.currentDebt
FNDA:788,ControllerHub.currentDebt
DA:397,3389
DA:398,3389
DA:399,3389
DA:400,3389
DA:401,2283
DA:402,2283
BRDA:402,31,0,-
DA:403,2283
DA:409,42
FN:409,ControllerHub.healthFactor
FNDA:42,ControllerHub.healthFactor
DA:410,767
DA:411,767
DA:412,222
DA:416,0
FN:416,ControllerHub.accountLiquidity.0
FNDA:0,ControllerHub.accountLiquidity.0
DA:421,767
DA:422,767
DA:423,779
DA:424,779
DA:425,779
BRDA:425,33,0,778
DA:426,778
DA:427,778
DA:428,778
DA:429,778
DA:432,767
DA:433,779
DA:434,779
DA:435,779
BRDA:435,34,0,223
DA:436,223
DA:437,223
DA:440,767
BRDA:440,35,0,4
BRDA:440,35,1,763
DA:441,763
DA:445,791
FN:445,ControllerHub.borrow
FNDA:791,ControllerHub.borrow
DA:446,2
BRDA:446,36,0,2
DA:447,789
DA:448,788
DA:449,788
BRDA:449,37,0,-
DA:452,788
BRDA:452,38,0,3
DA:455,785
DA:456,785
DA:459,785
DA:460,785
DA:461,785
BRDA:461,39,0,65
DA:462,720
DA:467,720
BRDA:467,40,0,1
BRDA:467,40,1,719
DA:468,719
DA:469,719
DA:471,719
DA:472,719
DA:476,719
FN:476,ControllerHub._emitBorrow
FNDA:719,ControllerHub._emitBorrow
DA:477,719
DA:478,719
DA:479,719
DA:480,719
DA:481,719
DA:482,719
DA:483,719
DA:484,719
DA:485,719
DA:486,719
DA:490,0
FN:490,ControllerHub.allMarkets
FNDA:0,ControllerHub.allMarkets
DA:491,0
DA:495,16
FN:495,ControllerHub.repay
FNDA:16,ControllerHub.repay
DA:496,16
DA:497,16
DA:498,16
BRDA:498,41,0,-
DA:499,16
DA:500,16
DA:501,16
DA:502,15
DA:503,15
BRDA:503,43,0,1
DA:504,15
DA:505,15
DA:506,15
DA:507,15
DA:508,15
DA:511,15
FN:511,ControllerHub._emitRepay
FNDA:15,ControllerHub._emitRepay
DA:512,15
DA:516,267
FN:516,ControllerHub.liquidate
FNDA:267,ControllerHub.liquidate
DA:521,2
BRDA:521,44,0,2
DA:522,265
DA:523,265
DA:524,265
DA:525,261
DA:528,265
FN:528,ControllerHub._quoteAndValidateLiquidation
FNDA:265,ControllerHub._quoteAndValidateLiquidation
DA:533,265
DA:534,265
BRDA:534,45,0,1
DA:535,264
DA:536,264
BRDA:536,46,0,1
DA:537,263
BRDA:537,47,0,1
DA:539,262
DA:540,262
DA:541,262
DA:542,262
DA:543,262
DA:544,262
BRDA:544,48,0,1
DA:546,261
DA:547,261
DA:548,261
DA:550,261
DA:551,261
DA:552,261
DA:555,261
FN:555,ControllerHub._finalizeLiquidation
FNDA:261,ControllerHub._finalizeLiquidation
DA:565,261
DA:569,261
DA:570,261
DA:571,261
DA:574,261
FN:574,ControllerHub._emitLiquidate
FNDA:261,ControllerHub._emitLiquidate
DA:582,261
DA:583,261
DA:587,259
FN:587,ControllerHub.setBorrowCap
FNDA:259,ControllerHub.setBorrowCap
DA:588,258
DA:589,258
DA:593,52
FN:593,ControllerHub.accountLiquidity.1
FNDA:52,ControllerHub.accountLiquidity.1
DA:598,52
DA:599,52
DA:600,52
DA:601,52
DA:602,52
DA:603,52
DA:604,52
DA:605,52
DA:609,13
FN:609,ControllerHub.marketStateExtended
FNDA:13,ControllerHub.marketStateExtended
DA:614,13
DA:615,13
DA:616,13
DA:617,13
FNF:30
FNH:27
LF:252
LH:248
BRF:46
BRH:32
end_of_record
TN:
SF:contracts/hub/PriceOracleRouter.sol
DA:48,66
FN:48,PriceOracleRouter.initialize
FNDA:66,PriceOracleRouter.initialize
DA:49,66
DA:50,66
DA:51,66
DA:52,66
DA:53,66
DA:54,66
DA:57,0
FN:57,PriceOracleRouter._authorizeUpgrade
FNDA:0,PriceOracleRouter._authorizeUpgrade
DA:59,117
FN:59,PriceOracleRouter.setFeed
FNDA:117,PriceOracleRouter.setFeed
DA:67,117
BRDA:67,0,0,2
DA:68,115
DA:77,115
DA:80,3
FN:80,PriceOracleRouter.setFeedBounds
FNDA:3,PriceOracleRouter.setFeedBounds
DA:81,3
DA:82,3
BRDA:82,1,0,1
DA:83,2
DA:84,2
DA:87,2
FN:87,PriceOracleRouter.setSequencerOracle
FNDA:2,PriceOracleRouter.setSequencerOracle
DA:88,2
DA:89,2
DA:92,5167
FN:92,PriceOracleRouter.getPrice
FNDA:5167,PriceOracleRouter.getPrice
DA:93,5167
DA:96,5167
FN:96,PriceOracleRouter._checkedPrice
FNDA:5167,PriceOracleRouter._checkedPrice
DA:98,5167
BRDA:98,2,0,4
DA:99,4
DA:100,4
BRDA:100,3,0,2
DA:101,2
BRDA:101,4,0,1
DA:103,5164
DA:104,5164
DA:105,5164
DA:106,5164
DA:107,5164
DA:108,5164
BRDA:108,5,0,5158
DA:109,5158
DA:111,5164
BRDA:111,6,0,6
DA:112,6
DA:113,6
DA:114,6
DA:115,6
BRDA:115,7,0,5
DA:116,5
BRDA:116,8,0,3
BRDA:116,8,1,1
DA:118,3
DA:119,3
DA:120,3
BRDA:120,9,0,2
DA:123,2
DA:127,5160
BRDA:127,10,0,4
DA:128,5156
DA:134,1
FN:134,PriceOracleRouter.proposeGovernor
FNDA:1,PriceOracleRouter.proposeGovernor
DA:135,1
BRDA:135,11,0,1
DA:136,0
DA:137,0
DA:140,0
FN:140,PriceOracleRouter.acceptGovernor
FNDA:0,PriceOracleRouter.acceptGovernor
DA:141,0
BRDA:141,12,0,-
BRDA:141,12,1,-
DA:142,0
DA:143,0
DA:144,0
DA:145,0
DA:146,0
DA:147,0
DA:148,0
DA:149,0
FNF:9
FNH:7
LF:60
LH:47
BRF:15
BRH:13
end_of_record
TN:
SF:contracts/hub/SuperVaultHub.sol
DA:77,10892
FN:77,SuperVaultHub.initialize
FNDA:10892,SuperVaultHub.initialize
DA:81,276
DA:82,276
DA:83,276
DA:85,276
DA:86,1
BRDA:86,0,0,1
DA:87,275
DA:88,275
DA:89,275
DA:90,275
DA:91,275
DA:92,275
DA:93,275
DA:94,275
DA:98,0
FN:98,SuperVaultHub._authorizeUpgrade
FNDA:0,SuperVaultHub._authorizeUpgrade
DA:101,10802
FN:101,SuperVaultHub.proposeGovernor
FNDA:10802,SuperVaultHub.proposeGovernor
DA:102,18
BRDA:102,1,0,1
DA:103,17
DA:104,17
DA:107,10820
FN:107,SuperVaultHub.acceptGovernor
FNDA:10820,SuperVaultHub.acceptGovernor
DA:108,10820
BRDA:108,2,0,10815
BRDA:108,2,1,5
DA:109,5
DA:110,5
DA:111,5
DA:112,5
DA:113,5
DA:114,5
DA:115,5
DA:116,5
DA:120,10589
FN:120,SuperVaultHub.setBridgeEnabled
FNDA:10589,SuperVaultHub.setBridgeEnabled
DA:121,25
DA:122,25
DA:126,10536
FN:126,SuperVaultHub.registerSpoke
FNDA:10536,SuperVaultHub.registerSpoke
DA:127,45
BRDA:127,3,0,-
DA:128,45
DA:129,45
DA:133,10478
FN:133,SuperVaultHub.creditRemoteDeposit
FNDA:10478,SuperVaultHub.creditRemoteDeposit
DA:141,19
BRDA:141,4,0,2
DA:142,17
BRDA:142,5,0,12
DA:143,2
BRDA:143,6,0,2
DA:144,3
DA:148,3
BRDA:148,7,0,-
BRDA:148,7,1,3
DA:149,3
DA:151,3
DA:153,3
DA:167,3
DA:171,10663
FN:171,SuperVaultHub.requestRemoteWithdrawal
FNDA:10663,SuperVaultHub.requestRemoteWithdrawal
DA:176,24
BRDA:176,8,0,5
DA:178,19
DA:179,19
BRDA:179,9,0,-
BRDA:179,9,1,19
DA:180,19
DA:181,19
DA:195,19
DA:199,10585
FN:199,SuperVaultHub.requestRebalance
FNDA:10585,SuperVaultHub.requestRebalance
DA:204,25
DA:218,25
DA:224,1
FN:224,SuperVaultHub.controllerCall
FNDA:1,SuperVaultHub.controllerCall
DA:225,1
DA:230,1
FN:230,SuperVaultHub.isNonceUsed
FNDA:1,SuperVaultHub.isNonceUsed
DA:231,1
DA:235,1
FN:235,SuperVaultHub.getSpoke
FNDA:1,SuperVaultHub.getSpoke
DA:236,1
DA:240,2
FN:240,SuperVaultHub.canonicalSnapshot
FNDA:2,SuperVaultHub.canonicalSnapshot
DA:241,2
FNF:13
FNH:12
LF:64
LH:63
BRF:13
BRH:10
end_of_record
TN:
SF:contracts/messaging/SuperchainAdapter.sol
DA:57,18
FN:57,SuperchainAdapter.initialize
FNDA:18,SuperchainAdapter.initialize
DA:58,18
DA:59,18
DA:60,18
DA:61,18
DA:62,18
DA:63,18
DA:64,18
DA:68,0
FN:68,SuperchainAdapter._authorizeUpgrade
FNDA:0,SuperchainAdapter._authorizeUpgrade
DA:71,2
FN:71,SuperchainAdapter.setBridgeEnabled
FNDA:2,SuperchainAdapter.setBridgeEnabled
DA:72,2
DA:73,2
DA:77,9
FN:77,SuperchainAdapter.setAllowedSender
FNDA:9,SuperchainAdapter.setAllowedSender
DA:78,8
DA:79,8
DA:83,10
FN:83,SuperchainAdapter.setAllowedSelector
FNDA:10,SuperchainAdapter.setAllowedSelector
DA:84,9
DA:85,9
DA:92,5
FN:92,SuperchainAdapter.send
FNDA:5,SuperchainAdapter.send
DA:97,5
BRDA:97,0,0,1
DA:99,4
BRDA:99,1,0,-
DA:100,4
DA:102,4
DA:104,4
BRDA:104,2,0,1
DA:105,3
DA:106,3
DA:109,3
DA:111,3
DA:112,3
DA:126,3
DA:131,4
FN:131,SuperchainAdapter.acceptIncoming
FNDA:4,SuperchainAdapter.acceptIncoming
DA:136,4
BRDA:136,3,0,-
DA:137,4
BRDA:137,4,0,-
DA:138,4
BRDA:138,5,0,-
DA:139,4
DA:140,2
BRDA:140,6,0,2
DA:141,2
DA:142,2
DA:150,4
FN:150,SuperchainAdapter.authIncoming
FNDA:4,SuperchainAdapter.authIncoming
DA:155,4
BRDA:155,7,0,1
DA:156,3
BRDA:156,8,0,1
DA:159,2
FNF:8
FNH:7
LF:42
LH:41
BRF:9
BRH:5
end_of_record
TN:
SF:contracts/mocks/ERC20False.sol
DA:18,1
FN:18,ERC20False.constructor
FNDA:1,ERC20False.constructor
DA:19,1
DA:20,1
DA:23,0
FN:23,ERC20False.totalSupply
FNDA:0,ERC20False.totalSupply
DA:24,0
DA:27,1
FN:27,ERC20False.decimals
FNDA:1,ERC20False.decimals
DA:28,1
DA:31,1
FN:31,ERC20False.mint
FNDA:1,ERC20False.mint
DA:32,1
DA:33,1
DA:36,1
FN:36,ERC20False.approve
FNDA:1,ERC20False.approve
DA:37,1
DA:38,1
DA:39,1
DA:42,0
FN:42,ERC20False.transfer
FNDA:0,ERC20False.transfer
DA:44,0
DA:45,0
DA:46,0
DA:47,0
DA:48,0
DA:51,1
FN:51,ERC20False.transferFrom
FNDA:1,ERC20False.transferFrom
DA:52,1
DA:53,1
DA:54,1
BRDA:54,2,0,-
DA:55,1
DA:56,1
DA:57,1
DA:58,1
DA:59,1
FNF:7
FNH:5
LF:29
LH:21
BRF:1
BRH:0
end_of_record
TN:
SF:contracts/mocks/MockAdapter.sol
DA:14,7
FN:14,MockAdapter.constructor
FNDA:7,MockAdapter.constructor
DA:15,7
DA:18,30
FN:18,MockAdapter.totalAssets
FNDA:30,MockAdapter.totalAssets
DA:19,30
DA:22,7
FN:22,MockAdapter.deposit
FNDA:7,MockAdapter.deposit
DA:25,7
DA:26,7
BRDA:26,0,0,-
BRDA:26,0,1,7
DA:27,7
DA:30,3
FN:30,MockAdapter.withdraw
FNDA:3,MockAdapter.withdraw
DA:31,3
DA:32,3
DA:33,3
DA:34,3
BRDA:34,2,0,3
DA:35,3
DA:37,3
DA:38,3
BRDA:38,3,0,-
BRDA:38,3,1,3
DA:39,3
DA:42,1
FN:42,MockAdapter.harvest
FNDA:1,MockAdapter.harvest
DA:44,1
DA:45,1
DA:47,1
DA:48,1
BRDA:48,5,0,1
DA:49,1
FNF:5
FNH:5
LF:23
LH:23
BRF:6
BRH:4
end_of_record
TN:
SF:contracts/mocks/MockAggregator.sol
DA:8,115
FN:8,MockAggregator.constructor
FNDA:115,MockAggregator.constructor
DA:9,115
DA:10,115
DA:13,316
FN:13,MockAggregator.setAnswer
FNDA:316,MockAggregator.setAnswer
DA:14,316
DA:17,4
FN:17,MockAggregator.setUpdatedAt
FNDA:4,MockAggregator.setUpdatedAt
DA:18,4
DA:21,5128
FN:21,MockAggregator.latestRoundData
FNDA:5128,MockAggregator.latestRoundData
DA:22,5128
FNF:4
FNH:4
LF:9
LH:9
BRF:0
BRH:0
end_of_record
TN:
SF:contracts/mocks/MockBridge.sol
DA:27,9
FN:27,MockBridge.setToken
FNDA:9,MockBridge.setToken
DA:28,9
DA:31,9
FN:31,MockBridge.setDelay
FNDA:9,MockBridge.setDelay
DA:32,9
DA:35,12
FN:35,MockBridge.send
FNDA:12,MockBridge.send
DA:36,12
BRDA:36,0,0,-
BRDA:36,0,1,12
DA:37,12
DA:38,12
DA:39,12
DA:42,6
FN:42,MockBridge.deliverNext
FNDA:6,MockBridge.deliverNext
DA:43,14
BRDA:43,1,0,1
BRDA:43,1,1,13
DA:44,13
DA:45,13
BRDA:45,2,0,2
BRDA:45,2,1,11
DA:47,11
BRDA:47,3,0,3
DA:48,3
DA:49,3
DA:52,11
DA:53,11
BRDA:53,4,0,9
DA:54,9
DA:55,9
DA:59,8
FN:59,MockBridge.deliverAll
FNDA:8,MockBridge.deliverAll
DA:60,8
DA:61,16
DA:62,9
DA:63,8
DA:64,8
FNF:5
FNH:5
LF:26
LH:26
BRF:8
BRH:7
end_of_record
TN:
SF:contracts/mocks/MockERC20Decimals.sol
DA:9,18
FN:9,MockERC20Decimals.constructor
FNDA:18,MockERC20Decimals.constructor
DA:10,18
DA:13,27
FN:13,MockERC20Decimals.decimals
FNDA:27,MockERC20Decimals.decimals
DA:14,27
DA:17,14
FN:17,MockERC20Decimals.mint
FNDA:14,MockERC20Decimals.mint
DA:18,14
FNF:3
FNH:3
LF:6
LH:6
BRF:0
BRH:0
end_of_record
TN:
SF:contracts/mocks/MockL2ToL2Messenger.sol
DA:26,15
FN:26,MockL2ToL2Messenger.setDelay
FNDA:15,MockL2ToL2Messenger.setDelay
DA:27,15
DA:30,6
FN:30,MockL2ToL2Messenger.setToggles
FNDA:6,MockL2ToL2Messenger.setToggles
DA:31,6
DA:32,6
DA:35,8
FN:35,MockL2ToL2Messenger.sendMessage
FNDA:8,MockL2ToL2Messenger.sendMessage
DA:36,8
DA:39,8
DA:40,8
DA:41,8
DA:51,8
DA:54,5
FN:54,MockL2ToL2Messenger.size
FNDA:5,MockL2ToL2Messenger.size
DA:55,5
DA:58,10
FN:58,MockL2ToL2Messenger.deliverNext
FNDA:10,MockL2ToL2Messenger.deliverNext
DA:59,266
BRDA:59,0,0,1
BRDA:59,0,1,265
DA:60,265
DA:61,262
BRDA:61,1,0,262
DA:63,262
DA:64,263
BRDA:64,2,0,262
DA:65,262
DA:66,262
DA:70,265
DA:71,265
BRDA:71,3,0,1
BRDA:71,3,1,264
DA:73,264
BRDA:73,4,0,1
DA:74,1
DA:76,264
DA:77,264
DA:78,264
BRDA:78,5,0,1
BRDA:78,5,1,263
DA:79,263
DA:80,258
BRDA:80,6,0,258
DA:82,258
DA:86,1
FN:86,MockL2ToL2Messenger.deliverAll
FNDA:1,MockL2ToL2Messenger.deliverAll
DA:87,1
DA:88,257
DA:90,256
DA:91,256
DA:92,256
FNF:6
FNH:6
LF:37
LH:37
BRF:10
BRH:10
end_of_record
TN:
SF:contracts/proxy/ProxyDeployer.sol
DA:20,10
FN:20,ProxyDeployer.deployUUPS
FNDA:10,ProxyDeployer.deployUUPS
DA:21,10
DA:22,8
DA:23,8
FNF:1
FNH:1
LF:4
LH:4
BRF:0
BRH:0
end_of_record
TN:
SF:contracts/rewards/EmissionsController.sol
DA:26,10
FN:26,EmissionsController.initialize
FNDA:10,EmissionsController.initialize
DA:27,10
DA:28,10
DA:29,10
DA:30,10
DA:31,10
DA:32,10
DA:35,0
FN:35,EmissionsController._authorizeUpgrade
FNDA:0,EmissionsController._authorizeUpgrade
DA:37,9
FN:37,EmissionsController.setEpochCap
FNDA:9,EmissionsController.setEpochCap
DA:38,8
DA:39,8
DA:42,12
FN:42,EmissionsController.setPerChainCap
FNDA:12,EmissionsController.setPerChainCap
DA:43,11
DA:44,11
DA:48,9
FN:48,EmissionsController.setEpochStart
FNDA:9,EmissionsController.setEpochStart
DA:49,8
DA:50,8
DA:55,22
FN:55,EmissionsController.instructDistribute
FNDA:22,EmissionsController.instructDistribute
DA:60,21
BRDA:60,0,0,18
DA:61,18
BRDA:61,1,0,2
BRDA:61,1,1,16
DA:63,19
DA:64,19
BRDA:64,2,0,14
DA:65,14
DA:66,14
BRDA:66,3,0,3
BRDA:66,3,1,11
DA:67,11
DA:69,16
DA:70,16
FNF:6
FNH:5
LF:27
LH:26
BRF:6
BRH:6
end_of_record
TN:
SF:contracts/rewards/PerChainRewardsDistributor.sol
DA:32,3
FN:32,PerChainRewardsDistributor.initialize
FNDA:3,PerChainRewardsDistributor.initialize
DA:33,3
DA:34,3
DA:35,3
DA:36,3
DA:37,3
DA:38,3
DA:39,3
DA:40,3
DA:43,0
FN:43,PerChainRewardsDistributor._authorizeUpgrade
FNDA:0,PerChainRewardsDistributor._authorizeUpgrade
DA:45,1
FN:45,PerChainRewardsDistributor.addRewards
FNDA:1,PerChainRewardsDistributor.addRewards
DA:46,1
DA:47,1
DA:48,1
BRDA:48,0,0,1
DA:49,1
DA:50,1
DA:52,1
DA:55,1
FN:55,PerChainRewardsDistributor.checkpoint
FNDA:1,PerChainRewardsDistributor.checkpoint
DA:56,2
DA:57,2
DA:58,2
BRDA:58,1,0,1
DA:59,1
DA:60,1
DA:61,1
DA:62,1
DA:63,1
DA:67,1
FN:67,PerChainRewardsDistributor.claim
FNDA:1,PerChainRewardsDistributor.claim
DA:68,1
DA:69,1
DA:70,1
DA:71,1
DA:72,1
DA:75,0
FN:75,PerChainRewardsDistributor.pause
FNDA:0,PerChainRewardsDistributor.pause
DA:76,0
DA:79,0
FN:79,PerChainRewardsDistributor.unpause
FNDA:0,PerChainRewardsDistributor.unpause
DA:80,0
FNF:7
FNH:4
LF:36
LH:31
BRF:2
BRH:2
end_of_record
TN:
SF:contracts/spoke/SpokeYieldVault.sol
DA:138,3844
FN:138,SpokeYieldVault.initialize
FNDA:3844,SpokeYieldVault.initialize
DA:150,64
DA:151,64
DA:152,64
DA:153,64
DA:154,64
DA:155,64
DA:156,64
DA:157,64
DA:158,64
DA:159,64
DA:160,64
DA:161,64
DA:162,64
DA:163,64
DA:164,64
DA:165,64
DA:166,64
DA:167,64
DA:168,64
DA:169,64
DA:171,64
DA:172,64
DA:175,0
FN:175,SpokeYieldVault._authorizeUpgrade
FNDA:0,SpokeYieldVault._authorizeUpgrade
DA:176,0
BRDA:176,0,0,-
DA:180,3740
FN:180,SpokeYieldVault.setFlags
FNDA:3740,SpokeYieldVault.setFlags
DA:181,6
DA:182,6
DA:183,6
DA:184,6
DA:188,3747
FN:188,SpokeYieldVault.setMaxStateDuration
FNDA:3747,SpokeYieldVault.setMaxStateDuration
DA:189,0
DA:193,3744
FN:193,SpokeYieldVault.forceIdle
FNDA:3744,SpokeYieldVault.forceIdle
DA:194,0
DA:195,0
DA:196,0
DA:197,0
DA:201,3750
FN:201,SpokeYieldVault.proposeGovernor
FNDA:3750,SpokeYieldVault.proposeGovernor
DA:202,3
BRDA:202,1,0,1
BRDA:202,1,1,2
DA:203,2
DA:206,3800
FN:206,SpokeYieldVault.acceptGovernor
FNDA:3800,SpokeYieldVault.acceptGovernor
DA:207,3800
BRDA:207,2,0,3799
BRDA:207,2,1,1
DA:208,1
DA:209,1
DA:210,1
DA:211,1
DA:212,1
DA:213,1
DA:214,1
DA:218,3828
FN:218,SpokeYieldVault.setWithdrawalBufferBps
FNDA:3828,SpokeYieldVault.setWithdrawalBufferBps
DA:219,30
BRDA:219,3,0,1
BRDA:219,3,1,29
DA:220,29
DA:224,3898
FN:224,SpokeYieldVault.setIdleBufferBps
FNDA:3898,SpokeYieldVault.setIdleBufferBps
DA:225,0
BRDA:225,4,0,-
BRDA:225,4,1,-
DA:226,0
DA:227,0
DA:231,3815
FN:231,SpokeYieldVault.setPullSlippageBps
FNDA:3815,SpokeYieldVault.setPullSlippageBps
DA:232,2
BRDA:232,5,0,-
BRDA:232,5,1,2
DA:233,2
DA:234,2
DA:238,3883
FN:238,SpokeYieldVault.setFeeRecipient
FNDA:3883,SpokeYieldVault.setFeeRecipient
DA:239,0
DA:243,3808
FN:243,SpokeYieldVault.setPerformanceFeeBps
FNDA:3808,SpokeYieldVault.setPerformanceFeeBps
DA:244,0
BRDA:244,6,0,-
BRDA:244,6,1,-
DA:245,0
DA:249,3893
FN:249,SpokeYieldVault.setEpochOutflowConfig
FNDA:3893,SpokeYieldVault.setEpochOutflowConfig
DA:250,5
BRDA:250,7,0,-
BRDA:250,7,1,5
DA:251,5
BRDA:251,8,0,1
BRDA:251,8,1,4
DA:252,4
DA:253,4
DA:259,3771
FN:259,SpokeYieldVault._preMintSync
FNDA:3771,SpokeYieldVault._preMintSync
DA:264,7520
FN:264,SpokeYieldVault._convertToShares
FNDA:7520,SpokeYieldVault._convertToShares
DA:265,7520
DA:266,7520
DA:267,7520
DA:268,7374
DA:271,7603
FN:271,SpokeYieldVault._convertToAssets
FNDA:7603,SpokeYieldVault._convertToAssets
DA:272,7603
DA:273,7603
DA:274,7603
DA:275,7411
DA:279,2
FN:279,SpokeYieldVault.totalAssets
FNDA:2,SpokeYieldVault.totalAssets
DA:280,15136
DA:281,15136
DA:283,15136
DA:285,15136
DA:288,15136
BRDA:288,11,0,20
BRDA:288,11,1,15116
DA:289,20
DA:291,15116
DA:294,15136
DA:295,15136
DA:296,19
DA:298,19
DA:299,19
DA:301,19
DA:302,19
BRDA:302,13,0,19
DA:303,19
DA:304,0
BRDA:304,13,1,-
DA:305,0
DA:307,19
DA:309,15136
DA:314,3727
FN:314,SpokeYieldVault.deposit
FNDA:3727,SpokeYieldVault.deposit
DA:321,3727
BRDA:321,14,0,1
DA:322,3726
DA:323,3726
DA:325,67
DA:326,67
DA:330,3740
FN:330,SpokeYieldVault.redeem
FNDA:3740,SpokeYieldVault.redeem
DA:338,3740
DA:339,3740
DA:340,3740
BRDA:340,15,0,3697
DA:341,3697
DA:342,3697
BRDA:342,16,0,3697
DA:343,3697
DA:345,3697
DA:347,3740
BRDA:347,17,0,3697
DA:349,3697
DA:350,3697
DA:353,43
DA:354,43
DA:355,43
DA:356,43
DA:360,3740
FN:360,SpokeYieldVault.withdraw
FNDA:3740,SpokeYieldVault.withdraw
DA:368,3740
DA:369,3740
BRDA:369,18,0,3689
DA:370,3689
DA:371,3689
BRDA:371,19,0,3689
DA:372,3689
DA:374,3689
DA:376,3740
BRDA:376,20,0,3688
DA:378,3688
DA:379,3688
DA:380,3688
DA:383,52
DA:384,52
DA:385,52
DA:386,52
DA:390,3814
FN:390,SpokeYieldVault.allocateToAdapter
FNDA:3814,SpokeYieldVault.allocateToAdapter
DA:396,12
BRDA:396,21,0,-
DA:397,12
DA:398,12
DA:399,12
DA:400,12
BRDA:400,22,0,1
DA:401,11
DA:403,11
DA:404,11
BRDA:404,23,0,1
DA:406,10
DA:407,10
DA:408,10
BRDA:408,24,0,1
BRDA:408,24,1,9
DA:409,9
DA:410,9
DA:411,9
DA:412,9
DA:415,3730
FN:415,SpokeYieldVault.deallocateFromAdapter
FNDA:3730,SpokeYieldVault.deallocateFromAdapter
DA:421,2
BRDA:421,25,0,-
DA:422,2
DA:423,2
DA:424,2
DA:425,2
DA:426,2
BRDA:426,26,0,1
BRDA:426,26,1,1
DA:427,1
DA:428,1
DA:429,1
DA:430,1
DA:433,3758
FN:433,SpokeYieldVault.harvestAdapter
FNDA:3758,SpokeYieldVault.harvestAdapter
DA:439,4
BRDA:439,27,0,-
DA:440,4
DA:441,4
DA:442,4
DA:444,4
DA:445,4
BRDA:445,28,0,1
BRDA:445,28,1,3
DA:446,3
DA:447,3
BRDA:447,29,0,3
DA:448,3
DA:451,3
BRDA:451,30,0,1
DA:452,1
DA:453,1
BRDA:453,31,0,1
DA:454,1
DA:455,1
BRDA:455,32,0,1
DA:456,1
DA:457,1
DA:458,1
DA:462,3
DA:463,3
DA:464,3
DA:465,3
DA:470,11167
FN:470,SpokeYieldVault.enqueueWithdraw.0
FNDA:11167,SpokeYieldVault.enqueueWithdraw.0
DA:471,11167
BRDA:471,33,0,62
BRDA:471,33,1,11105
DA:473,11105
DA:474,11105
DA:479,11105
DA:486,11105
DA:490,3738
FN:490,SpokeYieldVault.enqueueWithdraw.1
FNDA:3738,SpokeYieldVault.enqueueWithdraw.1
DA:491,3738
BRDA:491,34,0,40
BRDA:491,34,1,3698
DA:492,3698
DA:493,3698
DA:494,3698
BRDA:494,35,0,1
BRDA:494,35,1,3697
DA:496,1
DA:497,1
DA:498,1
DA:500,3697
DA:501,3697
DA:506,3697
DA:513,3697
DA:514,3697
DA:519,3836
FN:519,SpokeYieldVault.fulfillWithdraw
FNDA:3836,SpokeYieldVault.fulfillWithdraw
DA:524,13
DA:527,15
FN:527,SpokeYieldVault._fulfillWithdrawCore
FNDA:15,SpokeYieldVault._fulfillWithdrawCore
DA:528,15
DA:529,15
BRDA:529,36,0,1
BRDA:529,36,1,14
DA:531,14
DA:532,1
BRDA:532,37,0,1
DA:534,13
BRDA:534,38,0,2
DA:535,2
DA:536,2
DA:537,2
DA:538,2
DA:539,2
BRDA:539,39,0,1
DA:540,1
DA:543,12
DA:545,12
DA:548,12
DA:549,12
BRDA:549,40,0,1
DA:550,1
DA:552,12
DA:553,12
DA:557,3653
FN:557,SpokeYieldVault.fulfillWithdrawBatch
FNDA:3653,SpokeYieldVault.fulfillWithdrawBatch
DA:562,3
BRDA:562,41,0,1
DA:564,2
DA:565,3
DA:566,2
BRDA:566,42,0,1
DA:569,1
DA:570,2
DA:575,3766
FN:575,SpokeYieldVault.onRemoteCredit
FNDA:3766,SpokeYieldVault.onRemoteCredit
DA:580,5
BRDA:580,43,0,1
DA:582,4
DA:583,2
BRDA:583,44,0,2
DA:584,2
DA:586,2
DA:587,2
DA:588,2
DA:589,2
DA:592,3737
FN:592,SpokeYieldVault.requestRemoteLiquidity
FNDA:3737,SpokeYieldVault.requestRemoteLiquidity
DA:594,9
DA:595,9
DA:596,9
DA:597,9
DA:598,9
BRDA:598,45,0,6
BRDA:598,45,1,1
DA:600,6
BRDA:600,46,0,5
DA:601,5
DA:602,5
DA:603,5
DA:604,5
BRDA:604,47,0,2
DA:605,3
DA:607,4
DA:608,4
DA:609,4
DA:623,4
DA:626,3
BRDA:626,48,0,2
DA:631,3790
FN:631,SpokeYieldVault.payOutBorrow
FNDA:3790,SpokeYieldVault.payOutBorrow
DA:636,5
DA:637,5
DA:651,5
DA:654,3607
FN:654,SpokeYieldVault.onSeizeShares
FNDA:3607,SpokeYieldVault.onSeizeShares
DA:656,2
DA:658,2
DA:659,2
DA:673,2
DA:679,7386
FN:679,SpokeYieldVault._pullFromAdapters
FNDA:7386,SpokeYieldVault._pullFromAdapters
DA:681,7386
DA:683,7386
DA:686,7386
BRDA:686,49,0,2
BRDA:686,49,1,7384
DA:687,2
DA:689,7384
DA:692,7386
DA:694,7386
DA:695,2
DA:696,2
DA:697,2
DA:698,2
DA:699,2
DA:700,2
DA:701,0
DA:702,0
DA:704,2
DA:706,7386
DA:707,3
DA:709,3
DA:710,3
DA:711,3
DA:712,3
DA:713,3
DA:714,3
DA:715,3
BRDA:715,53,0,3
BRDA:715,53,1,-
DA:716,3
DA:717,3
DA:718,3
DA:719,3
DA:720,3
DA:721,3
BRDA:721,55,0,3
DA:722,3
DA:723,0
BRDA:723,55,1,-
DA:724,0
DA:727,3
BRDA:727,56,0,-
BRDA:727,56,1,3
DA:728,3
FNF:33
FNH:32
LF:305
LH:286
BRF:72
BRH:58
end_of_record
TN:
SF:contracts/strategy/AaveV3Adapter.sol
DA:14,13
FN:14,AaveV3Adapter.initialize
FNDA:13,AaveV3Adapter.initialize
DA:15,13
BRDA:15,0,0,1
DA:16,12
DA:19,1
FN:19,AaveV3Adapter.totalAssets
FNDA:1,AaveV3Adapter.totalAssets
DA:21,1
DA:24,2
FN:24,AaveV3Adapter._deposit
FNDA:2,AaveV3Adapter._deposit
DA:27,2
DA:30,4
FN:30,AaveV3Adapter._withdraw
FNDA:4,AaveV3Adapter._withdraw
DA:31,4
DA:32,4
BRDA:32,1,0,3
DA:33,3
DA:36,4
DA:37,4
DA:38,4
BRDA:38,2,0,2
DA:41,2
FN:41,AaveV3Adapter._harvest
FNDA:2,AaveV3Adapter._harvest
DA:43,0
FNF:5
FNH:5
LF:16
LH:15
BRF:3
BRH:3
end_of_record
TN:
SF:contracts/strategy/AdapterRegistry.sol
DA:33,28
FN:33,AdapterRegistry.initialize
FNDA:28,AdapterRegistry.initialize
DA:34,28
DA:35,28
DA:36,28
DA:37,28
DA:38,28
DA:42,0
FN:42,AdapterRegistry._authorizeUpgrade
FNDA:0,AdapterRegistry._authorizeUpgrade
DA:44,10
FN:44,AdapterRegistry.setAdapter
FNDA:10,AdapterRegistry.setAdapter
DA:45,9
DA:46,9
DA:49,35
FN:49,AdapterRegistry.isAllowed
FNDA:35,AdapterRegistry.isAllowed
DA:50,35
DA:53,12
FN:53,AdapterRegistry.capOf
FNDA:12,AdapterRegistry.capOf
DA:54,12
DA:57,2
FN:57,AdapterRegistry.pause
FNDA:2,AdapterRegistry.pause
DA:58,2
DA:59,2
DA:62,2
FN:62,AdapterRegistry.unpause
FNDA:2,AdapterRegistry.unpause
DA:63,2
DA:64,2
DA:71,16
FN:71,AdapterRegistry.addAdapter
FNDA:16,AdapterRegistry.addAdapter
DA:72,16
BRDA:72,0,0,-
BRDA:72,0,1,16
DA:73,16
BRDA:73,1,0,16
DA:74,16
DA:75,16
DA:77,16
DA:78,16
DA:79,16
DA:80,16
DA:84,5
FN:84,AdapterRegistry.removeAdapter
FNDA:5,AdapterRegistry.removeAdapter
DA:85,5
DA:86,4
DA:88,4
DA:89,4
DA:90,5
BRDA:90,3,0,4
DA:91,4
BRDA:91,4,0,3
DA:92,4
DA:93,4
DA:96,4
DA:100,5
FN:100,AdapterRegistry.setAdapterConfig
FNDA:5,AdapterRegistry.setAdapterConfig
DA:105,5
DA:106,5
BRDA:106,5,0,3
DA:107,3
DA:108,3
DA:110,5
DA:111,5
DA:112,5
DA:116,33
FN:116,AdapterRegistry.adapters
FNDA:33,AdapterRegistry.adapters
DA:117,33
FNF:11
FNH:10
LF:49
LH:48
BRF:6
BRH:5
end_of_record
TN:
SF:contracts/strategy/BaseAdapter.sol
DA:37,19
FN:37,BaseAdapter.baseAdapterInit
FNDA:19,BaseAdapter.baseAdapterInit
DA:38,19
DA:39,19
DA:40,19
DA:41,19
DA:42,19
DA:43,19
DA:44,19
DA:52,9
FN:52,BaseAdapter.onlyVault
FNDA:9,BaseAdapter.onlyVault
DA:53,9
BRDA:53,0,0,1
DA:59,2
FN:59,BaseAdapter.setCap
FNDA:2,BaseAdapter.setCap
DA:60,2
DA:64,0
FN:64,BaseAdapter.asset
FNDA:0,BaseAdapter.asset
DA:65,0
DA:75,6
FN:75,BaseAdapter.deposit
FNDA:6,BaseAdapter.deposit
DA:82,5
DA:83,5
DA:90,9
FN:90,BaseAdapter.withdraw
FNDA:9,BaseAdapter.withdraw
DA:97,8
DA:98,4
DA:104,4
FN:104,BaseAdapter.harvest
FNDA:4,BaseAdapter.harvest
DA:105,3
DA:106,3
DA:117,4
FN:117,BaseAdapter.emergencyWithdraw
FNDA:4,BaseAdapter.emergencyWithdraw
DA:118,4
DA:119,4
BRDA:119,1,0,2
DA:120,4
DA:121,4
DA:124,3
FN:124,BaseAdapter.pause
FNDA:3,BaseAdapter.pause
DA:125,3
DA:126,3
DA:129,2
FN:129,BaseAdapter.unpause
FNDA:2,BaseAdapter.unpause
DA:130,2
DA:131,2
FNF:10
FNH:9
LF:34
LH:32
BRF:2
BRH:2
end_of_record
TN:
SF:contracts/strategy/VelodromeLPAdapter.sol
DA:17,7
FN:17,VelodromeLPAdapter.initialize
FNDA:7,VelodromeLPAdapter.initialize
DA:18,7
BRDA:18,0,0,-
DA:19,7
DA:22,0
FN:22,VelodromeLPAdapter.totalAssets
FNDA:0,VelodromeLPAdapter.totalAssets
DA:24,0
DA:27,3
FN:27,VelodromeLPAdapter._deposit
FNDA:3,VelodromeLPAdapter._deposit
DA:28,3
DA:29,3
DA:32,4
FN:32,VelodromeLPAdapter._withdraw
FNDA:4,VelodromeLPAdapter._withdraw
DA:34,4
BRDA:34,1,0,1
BRDA:34,1,1,3
DA:35,3
DA:36,3
BRDA:36,2,0,1
DA:37,1
DA:39,3
DA:40,3
DA:41,3
BRDA:41,3,0,1
DA:44,1
FN:44,VelodromeLPAdapter._harvest
FNDA:1,VelodromeLPAdapter._harvest
DA:45,0
DA:48,1
FN:48,VelodromeLPAdapter.setCooldown
FNDA:1,VelodromeLPAdapter.setCooldown
DA:49,1
FNF:6
FNH:5
LF:20
LH:17
BRF:5
BRH:4
end_of_record
TN:
SF:contracts/tokens/SuperchainERC20.sol
DA:18,72
FN:18,SuperchainERC20.constructor
FNDA:72,SuperchainERC20.constructor
DA:19,72
DA:23,89
FN:23,SuperchainERC20.grantMinter
FNDA:89,SuperchainERC20.grantMinter
DA:24,88
DA:25,88
DA:29,4
FN:29,SuperchainERC20.revokeMinter
FNDA:4,SuperchainERC20.revokeMinter
DA:30,3
DA:31,3
DA:35,72
FN:35,SuperchainERC20.mint
FNDA:72,SuperchainERC20.mint
DA:36,71
DA:40,98
FN:40,SuperchainERC20.burn
FNDA:98,SuperchainERC20.burn
DA:41,98
DA:44,2
FN:44,SuperchainERC20.decimals
FNDA:2,SuperchainERC20.decimals
DA:45,2
FNF:6
FNH:6
LF:14
LH:14
BRF:0
BRH:0
end_of_record
TN:
SF:src/Counter.sol
DA:7,258
FN:7,Counter.setNumber
FNDA:258,Counter.setNumber
DA:8,258
DA:11,1
FN:11,Counter.increment
FNDA:1,Counter.increment
DA:12,1
FNF:2
FNH:2
LF:4
LH:4
BRF:0
BRH:0
end_of_record
TN:
SF:test/echidna/Echidna_ControllerHubProps.sol
DA:11,0
FN:11,ERC20Mini.decimals
FNDA:0,ERC20Mini.decimals
DA:12,0
FN:12,ERC20Mini.mint
FNDA:0,ERC20Mini.mint
DA:27,0
FN:27,Echidna_ControllerHubProps.constructor
FNDA:0,Echidna_ControllerHubProps.constructor
DA:29,0
DA:30,0
DA:31,0
DA:32,0
DA:35,0
DA:36,0
DA:37,0
DA:38,0
DA:39,0
DA:40,0
DA:43,0
DA:55,0
DA:58,0
DA:59,0
DA:63,0
FN:63,Echidna_ControllerHubProps.borrow
FNDA:0,Echidna_ControllerHubProps.borrow
DA:64,0
DA:66,0
BRDA:66,0,0,-
DA:69,0
FN:69,Echidna_ControllerHubProps.repay
FNDA:0,Echidna_ControllerHubProps.repay
DA:70,0
DA:71,0
BRDA:71,1,0,-
DA:74,0
FN:74,Echidna_ControllerHubProps.setPause
FNDA:0,Echidna_ControllerHubProps.setPause
DA:76,0
DA:80,0
FN:80,Echidna_ControllerHubProps.echidna_total_borrows_never_exceed_cap
FNDA:0,Echidna_ControllerHubProps.echidna_total_borrows_never_exceed_cap
DA:81,0
DA:82,0
DA:85,0
FN:85,Echidna_ControllerHubProps.echidna_pause_blocks_borrow_growth
FNDA:0,Echidna_ControllerHubProps.echidna_pause_blocks_borrow_growth
DA:87,0
DA:88,0
DA:90,0
BRDA:90,2,0,-
DA:91,0
DA:93,0
DA:94,0
FNF:8
FNH:0
LF:35
LH:0
BRF:3
BRH:0
end_of_record
TN:
SF:test/echidna/Echidna_PriceOracleRouterProps.sol
DA:13,0
FN:13,Echidna_PriceOracleRouterProps.constructor
FNDA:0,Echidna_PriceOracleRouterProps.constructor
DA:14,0
DA:15,0
DA:16,0
DA:17,0
DA:18,0
DA:19,0
DA:20,0
DA:24,0
FN:24,Echidna_PriceOracleRouterProps.setPrimary
FNDA:0,Echidna_PriceOracleRouterProps.setPrimary
DA:25,0
DA:26,0
DA:29,0
FN:29,Echidna_PriceOracleRouterProps.setSecondary
FNDA:0,Echidna_PriceOracleRouterProps.setSecondary
DA:30,0
DA:31,0
DA:34,0
FN:34,Echidna_PriceOracleRouterProps.setSequencer
FNDA:0,Echidna_PriceOracleRouterProps.setSequencer
DA:36,0
DA:40,0
FN:40,Echidna_PriceOracleRouterProps.echidna_primary_used_when_fresh_in_bounds
FNDA:0,Echidna_PriceOracleRouterProps.echidna_primary_used_when_fresh_in_bounds
DA:42,0
DA:43,0
DA:45,0
DA:46,0
DA:47,0
DA:48,0
DA:51,0
FN:51,Echidna_PriceOracleRouterProps.echidna_secondary_fallback_when_primary_bad
FNDA:0,Echidna_PriceOracleRouterProps.echidna_secondary_fallback_when_primary_bad
DA:53,0
DA:54,0
DA:55,0
DA:56,0
DA:57,0
DA:58,0
FNF:6
FNH:0
LF:30
LH:0
BRF:0
BRH:0
end_of_record
TN:
SF:test/echidna/Echidna_SpokeYieldVaultProps.sol
DA:21,0
FN:21,ERC20MiniFull.approve
FNDA:0,ERC20MiniFull.approve
DA:22,0
DA:23,0
DA:24,0
DA:27,0
FN:27,ERC20MiniFull.transfer
FNDA:0,ERC20MiniFull.transfer
DA:28,0
DA:29,0
DA:32,0
FN:32,ERC20MiniFull.transferFrom
FNDA:0,ERC20MiniFull.transferFrom
DA:33,0
DA:34,0
BRDA:34,0,0,-
BRDA:34,0,1,-
DA:35,0
DA:36,0
DA:37,0
DA:40,0
FN:40,ERC20MiniFull._transfer
FNDA:0,ERC20MiniFull._transfer
DA:41,0
BRDA:41,1,0,-
BRDA:41,1,1,-
DA:42,0
DA:43,0
DA:46,0
FN:46,ERC20MiniFull.mint
FNDA:0,ERC20MiniFull.mint
DA:47,0
DA:48,0
DA:49,0
DA:52,0
FN:52,ERC20MiniFull.burn
FNDA:0,ERC20MiniFull.burn
DA:53,0
BRDA:53,2,0,-
BRDA:53,2,1,-
DA:54,0
DA:55,0
DA:66,0
FN:66,Echidna_SpokeYieldVaultProps.constructor
FNDA:0,Echidna_SpokeYieldVaultProps.constructor
DA:67,0
DA:68,0
DA:69,0
DA:70,0
DA:72,0
DA:73,0
DA:86,0
DA:90,0
FN:90,Echidna_SpokeYieldVaultProps.gift
FNDA:0,Echidna_SpokeYieldVaultProps.gift
DA:91,0
DA:92,0
DA:95,0
DA:98,0
FN:98,Echidna_SpokeYieldVaultProps.deposit
FNDA:0,Echidna_SpokeYieldVaultProps.deposit
DA:99,0
DA:100,0
BRDA:100,0,0,-
DA:103,0
FN:103,Echidna_SpokeYieldVaultProps.redeem
FNDA:0,Echidna_SpokeYieldVaultProps.redeem
DA:104,0
DA:105,0
BRDA:105,1,0,-
DA:109,0
FN:109,Echidna_SpokeYieldVaultProps.setFlags
FNDA:0,Echidna_SpokeYieldVaultProps.setFlags
DA:111,0
BRDA:111,2,0,-
DA:114,0
FN:114,Echidna_SpokeYieldVaultProps.setWithdrawalBufferBps
FNDA:0,Echidna_SpokeYieldVaultProps.setWithdrawalBufferBps
DA:115,0
BRDA:115,3,0,-
DA:118,0
FN:118,Echidna_SpokeYieldVaultProps.setEpochOutflowConfig
FNDA:0,Echidna_SpokeYieldVaultProps.setEpochOutflowConfig
DA:119,0
BRDA:119,4,0,-
DA:123,0
FN:123,Echidna_SpokeYieldVaultProps.echidna_buffer_bps_valid
FNDA:0,Echidna_SpokeYieldVaultProps.echidna_buffer_bps_valid
DA:124,0
DA:127,0
FN:127,Echidna_SpokeYieldVaultProps.echidna_epoch_cap_bps_valid
FNDA:0,Echidna_SpokeYieldVaultProps.echidna_epoch_cap_bps_valid
DA:128,0
DA:131,0
FN:131,Echidna_SpokeYieldVaultProps.echidna_deposit_respects_flag
FNDA:0,Echidna_SpokeYieldVaultProps.echidna_deposit_respects_flag
DA:134,0
DA:135,0
BRDA:135,5,0,-
DA:137,0
BRDA:137,6,0,-
DA:139,0
BRDA:139,7,0,-
DA:141,0
FNF:16
FNH:0
LF:59
LH:0
BRF:14
BRH:0
end_of_record
TN:
SF:test/integration/Controller_RouteEventAccuracy.t.sol
DA:17,2
FN:17,ERC20Mock.constructor
FNDA:2,ERC20Mock.constructor
DA:18,2
DA:19,2
DA:22,0
FN:22,ERC20Mock.decimals
FNDA:0,ERC20Mock.decimals
DA:23,0
DA:26,0
FN:26,ERC20Mock.transfer
FNDA:0,ERC20Mock.transfer
DA:27,0
BRDA:27,0,0,-
BRDA:27,0,1,-
DA:28,0
DA:29,0
DA:30,0
DA:31,0
DA:34,0
FN:34,ERC20Mock.approve
FNDA:0,ERC20Mock.approve
DA:35,0
DA:36,0
DA:37,0
DA:40,0
FN:40,ERC20Mock.transferFrom
FNDA:0,ERC20Mock.transferFrom
DA:41,0
DA:42,0
BRDA:42,1,0,-
BRDA:42,1,1,-
DA:43,0
BRDA:43,2,0,-
DA:44,0
BRDA:44,3,0,-
BRDA:44,3,1,-
DA:45,0
DA:46,0
DA:47,0
DA:48,0
DA:51,1
FN:51,ERC20Mock.mint
FNDA:1,ERC20Mock.mint
DA:52,1
DA:53,1
DA:56,0
FN:56,ERC20Mock.totalSupply
FNDA:0,ERC20Mock.totalSupply
DA:57,0
DA:112,2
FN:112,AggregatorMock.constructor
FNDA:2,AggregatorMock.constructor
DA:113,2
DA:114,2
DA:117,5
FN:117,AggregatorMock.latestRoundData
FNDA:5,AggregatorMock.latestRoundData
DA:118,5
DA:121,0
FN:121,AggregatorMock.set
FNDA:0,AggregatorMock.set
DA:122,0
DA:123,0
DA:126,0
FN:126,AggregatorMock.decimals
FNDA:0,AggregatorMock.decimals
DA:127,0
FNF:11
FNH:4
LF:39
LH:11
BRF:7
BRH:0
end_of_record
TN:
SF:test/invariant/VaultInvariants.t.sol
DA:19,1
FN:19,TestERC20.constructor
FNDA:1,TestERC20.constructor
DA:20,1
DA:21,1
DA:24,1
FN:24,TestERC20.decimals
FNDA:1,TestERC20.decimals
DA:25,1
DA:28,93
FN:28,TestERC20.transfer
FNDA:93,TestERC20.transfer
DA:29,93
BRDA:29,0,0,-
BRDA:29,0,1,93
DA:30,93
DA:31,93
DA:32,93
DA:33,93
DA:36,1
FN:36,TestERC20.approve
FNDA:1,TestERC20.approve
DA:37,1
DA:38,1
DA:39,1
DA:42,7456
FN:42,TestERC20.transferFrom
FNDA:7456,TestERC20.transferFrom
DA:43,7456
DA:44,7456
BRDA:44,1,0,7355
BRDA:44,1,1,101
DA:45,101
BRDA:45,2,0,101
DA:46,101
BRDA:46,3,0,-
BRDA:46,3,1,101
DA:47,101
DA:48,101
DA:49,101
DA:50,101
DA:53,1
FN:53,TestERC20.mint
FNDA:1,TestERC20.mint
DA:54,1
DA:55,1
DA:58,0
FN:58,TestERC20.totalSupply
FNDA:0,TestERC20.totalSupply
DA:59,0
DA:64,0
FN:64,MockAdapterRegistry.isAllowed
FNDA:0,MockAdapterRegistry.isAllowed
DA:65,0
DA:68,0
FN:68,MockAdapterRegistry.capOf
FNDA:0,MockAdapterRegistry.capOf
DA:69,0
FNF:9
FNH:6
LF:33
LH:27
BRF:7
BRH:5
end_of_record
TN:
SF:test/property/ControllerHubProperties.t.sol
DA:22,6
FN:22,ERC20MockSimple.constructor
FNDA:6,ERC20MockSimple.constructor
DA:23,6
DA:24,6
DA:27,0
FN:27,ERC20MockSimple.decimals
FNDA:0,ERC20MockSimple.decimals
DA:28,0
DA:31,0
FN:31,ERC20MockSimple.transfer
FNDA:0,ERC20MockSimple.transfer
DA:32,0
DA:33,0
DA:34,0
DA:35,0
DA:38,0
FN:38,ERC20MockSimple.approve
FNDA:0,ERC20MockSimple.approve
DA:39,0
DA:40,0
DA:41,0
DA:44,0
FN:44,ERC20MockSimple.transferFrom
FNDA:0,ERC20MockSimple.transferFrom
DA:45,0
DA:46,0
BRDA:46,0,0,-
BRDA:46,0,1,-
DA:47,0
BRDA:47,1,0,-
DA:48,0
DA:49,0
DA:50,0
DA:51,0
DA:54,3
FN:54,ERC20MockSimple.mint
FNDA:3,ERC20MockSimple.mint
DA:55,3
DA:56,3
DA:65,256
FN:65,SeizeSinkProp.onSeizeShares
FNDA:256,SeizeSinkProp.onSeizeShares
DA:66,256
DA:67,256
FNF:7
FNH:3
LF:28
LH:9
BRF:3
BRH:0
end_of_record
TN:
SF:test/setup/CrossChainFixture.t.sol
DA:47,7
FN:47,CrossChainFixture.setUp
FNDA:7,CrossChainFixture.setUp
DA:48,7
DA:49,7
DA:50,7
DA:51,7
DA:52,7
DA:53,7
DA:54,7
DA:55,7
DA:56,7
DA:57,7
DA:59,7
DA:60,7
DA:63,7
DA:64,7
DA:65,7
DA:68,7
DA:69,7
DA:72,7
DA:73,7
DA:74,7
DA:75,7
DA:76,7
DA:77,7
DA:79,7
DA:80,7
DA:81,7
DA:83,7
DA:84,7
DA:85,7
DA:86,7
DA:87,7
DA:88,7
DA:91,7
DA:92,7
DA:93,7
DA:94,7
DA:95,7
DA:96,7
DA:97,7
DA:98,7
DA:101,7
DA:102,7
DA:103,7
DA:104,7
DA:105,7
DA:106,7
DA:107,7
DA:108,7
DA:109,7
DA:110,7
DA:113,7
DA:114,7
DA:115,7
FNF:1
FNH:1
LF:54
LH:54
BRF:0
BRH:0
end_of_record
TN:
SF:test/sim/ScenarioSweep.t.sol
DA:15,2
FN:15,ERC20MockSim.constructor
FNDA:2,ERC20MockSim.constructor
DA:16,2
DA:17,2
DA:20,0
FN:20,ERC20MockSim.decimals
FNDA:0,ERC20MockSim.decimals
DA:21,0
DA:24,1
FN:24,ERC20MockSim.mint
FNDA:1,ERC20MockSim.mint
DA:25,1
FNF:3
FNH:2
LF:7
LH:5
BRF:0
BRH:0
end_of_record
TN:
SF:test/spec/SpecCompliance.t.sol
DA:22,1
FN:22,SequencerMock.constructor
FNDA:1,SequencerMock.constructor
DA:23,1
DA:24,1
DA:27,1
FN:27,SequencerMock.latestRoundData
FNDA:1,SequencerMock.latestRoundData
DA:28,1
DA:42,4
FN:42,TERC20.constructor
FNDA:4,TERC20.constructor
DA:43,4
DA:44,4
DA:47,4
FN:47,TERC20.decimals
FNDA:4,TERC20.decimals
DA:48,4
DA:51,1
FN:51,TERC20.transfer
FNDA:1,TERC20.transfer
DA:52,1
DA:53,1
DA:54,1
DA:55,1
DA:58,4
FN:58,TERC20.approve
FNDA:4,TERC20.approve
DA:59,4
DA:60,4
DA:61,4
DA:64,1
FN:64,TERC20.transferFrom
FNDA:1,TERC20.transferFrom
DA:65,1
DA:66,1
BRDA:66,0,0,-
BRDA:66,0,1,1
DA:67,1
BRDA:67,1,0,-
DA:68,1
DA:69,1
DA:70,1
DA:71,1
DA:74,4
FN:74,TERC20.mint
FNDA:4,TERC20.mint
DA:75,4
DA:76,4
FNF:8
FNH:8
LF:30
LH:30
BRF:3
BRH:1
end_of_record
TN:
SF:test/unit/AdapterBehavior.t.sol
DA:16,2
FN:16,MockERC20.constructor
FNDA:2,MockERC20.constructor
DA:17,2
DA:18,2
DA:21,0
FN:21,MockERC20.decimals
FNDA:0,MockERC20.decimals
DA:22,0
DA:25,3
FN:25,MockERC20.transfer
FNDA:3,MockERC20.transfer
DA:26,3
DA:27,3
DA:28,3
DA:29,3
DA:32,0
FN:32,MockERC20.approve
FNDA:0,MockERC20.approve
DA:33,0
DA:34,0
DA:35,0
DA:38,0
FN:38,MockERC20.transferFrom
FNDA:0,MockERC20.transferFrom
DA:39,0
DA:40,0
BRDA:40,0,0,-
BRDA:40,0,1,-
DA:41,0
BRDA:41,1,0,-
DA:42,0
DA:43,0
DA:44,0
DA:45,0
DA:48,2
FN:48,MockERC20.mint
FNDA:2,MockERC20.mint
DA:49,2
DA:50,2
FNF:6
FNH:3
LF:25
LH:11
BRF:3
BRH:0
end_of_record
TN:
SF:test/unit/AdapterExtraBranches.t.sol
DA:14,0
FN:14,MockERC20Simple.mint
FNDA:0,MockERC20Simple.mint
DA:15,1
FN:15,MockERC20Simple.transfer
FNDA:1,MockERC20Simple.transfer
FNF:2
FNH:1
LF:2
LH:1
BRF:0
BRH:0
end_of_record
TN:
SF:test/unit/ControllerHub.t.sol
DA:18,8
FN:18,TestERC20.constructor
FNDA:8,TestERC20.constructor
DA:19,8
DA:20,8
DA:23,0
FN:23,TestERC20.decimals
FNDA:0,TestERC20.decimals
DA:24,0
DA:27,0
FN:27,TestERC20.transfer
FNDA:0,TestERC20.transfer
DA:28,0
DA:29,0
DA:30,0
DA:31,0
DA:34,0
FN:34,TestERC20.approve
FNDA:0,TestERC20.approve
DA:35,0
DA:36,0
DA:37,0
DA:40,0
FN:40,TestERC20.transferFrom
FNDA:0,TestERC20.transferFrom
DA:41,0
DA:42,0
BRDA:42,0,0,-
BRDA:42,0,1,-
DA:43,0
BRDA:43,1,0,-
DA:44,0
DA:45,0
DA:46,0
DA:47,0
DA:50,4
FN:50,TestERC20.mint
FNDA:4,TestERC20.mint
DA:51,4
DA:52,4
DA:59,1
FN:59,MockSpokeVault.onSeizeShares
FNDA:1,MockSpokeVault.onSeizeShares
DA:60,1
FNF:7
FNH:3
LF:27
LH:8
BRF:3
BRH:0
end_of_record
TN:
SF:test/unit/ControllerHubBranchBoost.t.sol
DA:16,11
FN:16,ERC20MockBB.constructor
FNDA:11,ERC20MockBB.constructor
DA:17,0
FN:17,ERC20MockBB.decimals
FNDA:0,ERC20MockBB.decimals
DA:18,0
FN:18,ERC20MockBB.transfer
FNDA:0,ERC20MockBB.transfer
DA:19,0
FN:19,ERC20MockBB.approve
FNDA:0,ERC20MockBB.approve
DA:20,0
FN:20,ERC20MockBB.transferFrom
FNDA:0,ERC20MockBB.transferFrom
DA:21,0
DA:22,0
BRDA:22,0,0,-
BRDA:22,0,1,-
DA:23,0
BRDA:23,1,0,-
DA:24,0
DA:26,5
FN:26,ERC20MockBB.mint
FNDA:5,ERC20MockBB.mint
FNF:6
FNH:2
LF:10
LH:2
BRF:3
BRH:0
end_of_record
TN:
SF:test/unit/ControllerHubBranches.t.sol
DA:11,0
FN:11,TinyERC20.decimals
FNDA:0,TinyERC20.decimals
DA:12,9
FN:12,TinyERC20.mint
FNDA:9,TinyERC20.mint
DA:17,1
FN:17,SeizeSink.onSeizeShares
FNDA:1,SeizeSink.onSeizeShares
FNF:3
FNH:2
LF:3
LH:2
BRF:0
BRH:0
end_of_record
TN:
SF:test/unit/ControllerHubCoverage.t.sol
DA:18,14
FN:18,ERC20MockCheap.constructor
FNDA:14,ERC20MockCheap.constructor
DA:19,14
DA:20,14
DA:23,0
FN:23,ERC20MockCheap.decimals
FNDA:0,ERC20MockCheap.decimals
DA:24,0
DA:27,0
FN:27,ERC20MockCheap.transfer
FNDA:0,ERC20MockCheap.transfer
DA:28,0
DA:29,0
DA:30,0
DA:31,0
DA:34,0
FN:34,ERC20MockCheap.approve
FNDA:0,ERC20MockCheap.approve
DA:35,0
DA:36,0
DA:37,0
DA:40,0
FN:40,ERC20MockCheap.transferFrom
FNDA:0,ERC20MockCheap.transferFrom
DA:41,0
DA:42,0
BRDA:42,0,0,-
BRDA:42,0,1,-
DA:43,0
BRDA:43,1,0,-
DA:44,0
DA:45,0
DA:46,0
DA:47,0
DA:50,7
FN:50,ERC20MockCheap.mint
FNDA:7,ERC20MockCheap.mint
DA:51,7
DA:52,7
FNF:6
FNH:2
LF:25
LH:6
BRF:3
BRH:0
end_of_record
TN:
SF:test/unit/ControllerHubEdgeBranches.t.sol
DA:15,12
FN:15,ERC20Mini.constructor
FNDA:12,ERC20Mini.constructor
DA:16,0
FN:16,ERC20Mini.decimals
FNDA:0,ERC20Mini.decimals
DA:17,6
FN:17,ERC20Mini.mint
FNDA:6,ERC20Mini.mint
DA:18,0
FN:18,ERC20Mini.approve
FNDA:0,ERC20Mini.approve
DA:19,0
FN:19,ERC20Mini.transfer
FNDA:0,ERC20Mini.transfer
DA:20,0
FN:20,ERC20Mini.transferFrom
FNDA:0,ERC20Mini.transferFrom
BRDA:20,0,0,-
BRDA:20,0,1,-
BRDA:20,1,0,-
FNF:6
FNH:2
LF:6
LH:2
BRF:3
BRH:0
end_of_record
TN:
SF:test/unit/ControllerHubExtraBranches.t.sol
DA:11,0
FN:11,ERC20Mini.decimals
FNDA:0,ERC20Mini.decimals
DA:12,2
FN:12,ERC20Mini.mint
FNDA:2,ERC20Mini.mint
FNF:2
FNH:1
LF:2
LH:1
BRF:0
BRH:0
end_of_record
TN:
SF:test/unit/ControllerHubMoreBranches.t.sol
DA:13,10
FN:13,ERC20MockMB.constructor
FNDA:10,ERC20MockMB.constructor
DA:14,0
FN:14,ERC20MockMB.decimals
FNDA:0,ERC20MockMB.decimals
DA:15,0
FN:15,ERC20MockMB.transfer
FNDA:0,ERC20MockMB.transfer
DA:16,0
FN:16,ERC20MockMB.approve
FNDA:0,ERC20MockMB.approve
DA:17,0
FN:17,ERC20MockMB.transferFrom
FNDA:0,ERC20MockMB.transferFrom
BRDA:17,0,0,-
BRDA:17,0,1,-
BRDA:17,1,0,-
DA:18,1
FN:18,ERC20MockMB.mint
FNDA:1,ERC20MockMB.mint
FNF:6
FNH:2
LF:6
LH:2
BRF:3
BRH:0
end_of_record
TN:
SF:test/unit/ControllerHubPolicy.t.sol
DA:12,1
FN:12,SeizeMock.onSeizeShares
FNDA:1,SeizeMock.onSeizeShares
DA:13,1
DA:26,4
FN:26,TestERC20.constructor
FNDA:4,TestERC20.constructor
DA:27,4
DA:28,4
DA:31,0
FN:31,TestERC20.decimals
FNDA:0,TestERC20.decimals
DA:32,0
DA:35,0
FN:35,TestERC20.transfer
FNDA:0,TestERC20.transfer
DA:36,0
DA:37,0
DA:38,0
DA:39,0
DA:42,0
FN:42,TestERC20.approve
FNDA:0,TestERC20.approve
DA:43,0
DA:44,0
DA:45,0
DA:48,0
FN:48,TestERC20.transferFrom
FNDA:0,TestERC20.transferFrom
DA:49,0
DA:50,0
BRDA:50,0,0,-
BRDA:50,0,1,-
DA:51,0
BRDA:51,1,0,-
DA:52,0
DA:53,0
DA:54,0
DA:55,0
DA:58,2
FN:58,TestERC20.mint
FNDA:2,TestERC20.mint
DA:59,2
DA:60,2
FNF:7
FNH:3
LF:27
LH:8
BRF:3
BRH:0
end_of_record
TN:
SF:test/unit/Controller_MultiMarketHF.t.sol
DA:17,8
FN:17,ERC20Mock.constructor
FNDA:8,ERC20Mock.constructor
DA:18,8
DA:19,8
DA:22,0
FN:22,ERC20Mock.decimals
FNDA:0,ERC20Mock.decimals
DA:23,0
DA:26,0
FN:26,ERC20Mock.transfer
FNDA:0,ERC20Mock.transfer
DA:27,0
BRDA:27,0,0,-
BRDA:27,0,1,-
DA:28,0
DA:29,0
DA:30,0
DA:31,0
DA:34,0
FN:34,ERC20Mock.approve
FNDA:0,ERC20Mock.approve
DA:35,0
DA:36,0
DA:37,0
DA:40,0
FN:40,ERC20Mock.transferFrom
FNDA:0,ERC20Mock.transferFrom
DA:41,0
DA:42,0
BRDA:42,1,0,-
BRDA:42,1,1,-
DA:43,0
BRDA:43,2,0,-
DA:44,0
BRDA:44,3,0,-
BRDA:44,3,1,-
DA:45,0
DA:46,0
DA:47,0
DA:48,0
DA:51,4
FN:51,ERC20Mock.mint
FNDA:4,ERC20Mock.mint
DA:52,4
DA:53,4
DA:56,0
FN:56,ERC20Mock.totalSupply
FNDA:0,ERC20Mock.totalSupply
DA:57,0
DA:65,8
FN:65,AggregatorMock.constructor
FNDA:8,AggregatorMock.constructor
DA:66,8
DA:67,8
DA:70,37
FN:70,AggregatorMock.latestRoundData
FNDA:37,AggregatorMock.latestRoundData
DA:71,37
DA:74,6
FN:74,AggregatorMock.set
FNDA:6,AggregatorMock.set
DA:75,6
DA:76,6
DA:79,0
FN:79,AggregatorMock.decimals
FNDA:0,AggregatorMock.decimals
DA:80,0
FNF:11
FNH:5
LF:39
LH:14
BRF:7
BRH:0
end_of_record
TN:
SF:test/unit/EmissionsAndRewards.t.sol
DA:17,3
FN:17,MockERC20.constructor
FNDA:3,MockERC20.constructor
DA:18,3
DA:19,3
DA:22,0
FN:22,MockERC20.decimals
FNDA:0,MockERC20.decimals
DA:23,0
DA:26,1
FN:26,MockERC20.transfer
FNDA:1,MockERC20.transfer
DA:27,1
DA:28,1
DA:29,1
DA:30,1
DA:33,3
FN:33,MockERC20.approve
FNDA:3,MockERC20.approve
DA:34,3
DA:35,3
DA:36,3
DA:39,1
FN:39,MockERC20.transferFrom
FNDA:1,MockERC20.transferFrom
DA:40,1
DA:41,1
BRDA:41,0,0,-
BRDA:41,0,1,1
DA:42,1
BRDA:42,1,0,-
DA:43,1
DA:44,1
DA:45,1
DA:46,1
DA:49,3
FN:49,MockERC20.mint
FNDA:3,MockERC20.mint
DA:50,3
DA:51,3
DA:59,1
FN:59,MockShareToken.totalSupply
FNDA:1,MockShareToken.totalSupply
DA:60,1
DA:63,3
FN:63,MockShareToken.mint
FNDA:3,MockShareToken.mint
DA:64,3
DA:65,3
FNF:8
FNH:7
LF:30
LH:28
BRF:3
BRH:1
end_of_record
TN:
SF:test/unit/EpochCapRollover.t.sol
DA:18,1
FN:18,TestERC20.constructor
FNDA:1,TestERC20.constructor
DA:19,1
DA:20,1
DA:23,1
FN:23,TestERC20.decimals
FNDA:1,TestERC20.decimals
DA:24,1
DA:27,2
FN:27,TestERC20.transfer
FNDA:2,TestERC20.transfer
DA:28,2
BRDA:28,0,0,-
BRDA:28,0,1,2
DA:29,2
DA:30,2
DA:31,2
DA:32,2
DA:35,1
FN:35,TestERC20.approve
FNDA:1,TestERC20.approve
DA:36,1
DA:37,1
DA:38,1
DA:41,1
FN:41,TestERC20.transferFrom
FNDA:1,TestERC20.transferFrom
DA:42,1
DA:43,1
BRDA:43,1,0,-
BRDA:43,1,1,1
DA:44,1
BRDA:44,2,0,-
DA:45,1
BRDA:45,3,0,-
BRDA:45,3,1,1
DA:46,1
DA:47,1
DA:48,1
DA:49,1
DA:52,1
FN:52,TestERC20.mint
FNDA:1,TestERC20.mint
DA:53,1
DA:54,1
DA:57,0
FN:57,TestERC20.totalSupply
FNDA:0,TestERC20.totalSupply
DA:58,0
DA:63,0
FN:63,MockAdapterRegistry.isAllowed
FNDA:0,MockAdapterRegistry.isAllowed
DA:64,0
DA:67,0
FN:67,MockAdapterRegistry.capOf
FNDA:0,MockAdapterRegistry.capOf
DA:68,0
FNF:9
FNH:6
LF:33
LH:27
BRF:7
BRH:3
end_of_record
TN:
SF:test/unit/MockBridgeBranches.t.sol
DA:10,0
FN:10,ERC20MB.decimals
FNDA:0,ERC20MB.decimals
DA:11,2
FN:11,ERC20MB.transfer
FNDA:2,ERC20MB.transfer
DA:12,0
FN:12,ERC20MB.approve
FNDA:0,ERC20MB.approve
DA:13,0
FN:13,ERC20MB.transferFrom
FNDA:0,ERC20MB.transferFrom
BRDA:13,0,0,-
BRDA:13,0,1,-
BRDA:13,1,0,-
DA:14,2
FN:14,ERC20MB.mint
FNDA:2,ERC20MB.mint
FNF:5
FNH:2
LF:5
LH:2
BRF:3
BRH:0
end_of_record
TN:
SF:test/unit/MockBridgeMoreBranches.t.sol
DA:11,0
FN:11,ERC20Simple.decimals
FNDA:0,ERC20Simple.decimals
DA:12,2
FN:12,ERC20Simple.mint
FNDA:2,ERC20Simple.mint
DA:13,0
FN:13,ERC20Simple.approve
FNDA:0,ERC20Simple.approve
DA:14,2
FN:14,ERC20Simple.transfer
FNDA:2,ERC20Simple.transfer
DA:15,0
FN:15,ERC20Simple.transferFrom
FNDA:0,ERC20Simple.transferFrom
BRDA:15,0,0,-
BRDA:15,0,1,-
BRDA:15,1,0,-
FNF:5
FNH:2
LF:5
LH:2
BRF:3
BRH:0
end_of_record
TN:
SF:test/unit/MockMessenger.t.sol
DA:10,3
FN:10,Receiver.foo
FNDA:3,Receiver.foo
DA:11,3
DA:14,0
FN:14,Receiver.fallback
FNDA:0,Receiver.fallback
DA:15,0
FNF:2
FNH:1
LF:4
LH:2
BRF:0
BRH:0
end_of_record
TN:
SF:test/unit/MockMessengerBranches.t.sol
DA:9,258
FN:9,Target.callMe
FNDA:258,Target.callMe
FNF:1
FNH:1
LF:1
LH:1
BRF:0
BRH:0
end_of_record
TN:
SF:test/unit/MockMessengerFailureBranches.t.sol
DA:10,1
FN:10,ReceiverStub.setRevert
FNDA:1,ReceiverStub.setRevert
DA:11,3
FN:11,ReceiverStub.fallback
FNDA:3,ReceiverStub.fallback
DA:12,1
BRDA:12,0,0,1
DA:13,2
FNF:2
FNH:2
LF:4
LH:4
BRF:1
BRH:1
end_of_record
TN:
SF:test/unit/PriceOracleRouter.t.sol
DA:12,1
FN:12,MockSequencerOracle.constructor
FNDA:1,MockSequencerOracle.constructor
DA:13,1
DA:16,2
FN:16,MockSequencerOracle.setUp
FNDA:2,MockSequencerOracle.setUp
DA:17,2
DA:18,2
DA:21,2
FN:21,MockSequencerOracle.setUpdatedAt
FNDA:2,MockSequencerOracle.setUpdatedAt
DA:22,2
DA:25,3
FN:25,MockSequencerOracle.latestRoundData
FNDA:3,MockSequencerOracle.latestRoundData
DA:27,3
FNF:4
FNH:4
LF:9
LH:9
BRF:0
BRH:0
end_of_record
TN:
SF:test/unit/PriceOracleRouterBounds.t.sol
DA:8,0
FN:8,ERC20StubDecB.decimals
FNDA:0,ERC20StubDecB.decimals
FNF:1
FNH:0
LF:1
LH:0
BRF:0
BRH:0
end_of_record
TN:
SF:test/unit/PriceOracleRouterBranches.t.sol
DA:8,0
FN:8,ERC20StubDec.decimals
FNDA:0,ERC20StubDec.decimals
FNF:1
FNH:0
LF:1
LH:0
BRF:0
BRH:0
end_of_record
TN:
SF:test/unit/SafeERC20Negative.t.sol
DA:12,0
FN:12,MockReg.isAllowed
FNDA:0,MockReg.isAllowed
DA:13,0
DA:16,0
FN:16,MockReg.capOf
FNDA:0,MockReg.capOf
DA:17,0
FNF:2
FNH:0
LF:4
LH:0
BRF:0
BRH:0
end_of_record
TN:
SF:test/unit/SpokeYieldVault.t.sol
DA:10,1
FN:10,MockAdapterRegistry.isAllowed
FNDA:1,MockAdapterRegistry.isAllowed
DA:11,1
DA:14,1
FN:14,MockAdapterRegistry.capOf
FNDA:1,MockAdapterRegistry.capOf
DA:15,1
DA:23,2
FN:23,MockAdapterRegistryVar.constructor
FNDA:2,MockAdapterRegistryVar.constructor
DA:24,2
DA:25,2
DA:28,0
FN:28,MockAdapterRegistryVar.set
FNDA:0,MockAdapterRegistryVar.set
DA:29,0
DA:30,0
DA:33,2
FN:33,MockAdapterRegistryVar.isAllowed
FNDA:2,MockAdapterRegistryVar.isAllowed
DA:34,2
DA:37,1
FN:37,MockAdapterRegistryVar.capOf
FNDA:1,MockAdapterRegistryVar.capOf
DA:38,1
DA:47,2
FN:47,MockAdapterTarget.totalAssets
FNDA:2,MockAdapterTarget.totalAssets
DA:48,0
DA:51,1
FN:51,MockAdapterTarget.deposit
FNDA:1,MockAdapterTarget.deposit
DA:52,1
DA:53,1
DA:56,1
FN:56,MockAdapterTarget.withdraw
FNDA:1,MockAdapterTarget.withdraw
DA:57,1
DA:58,1
DA:61,1
FN:61,MockAdapterTarget.harvest
FNDA:1,MockAdapterTarget.harvest
DA:62,1
DA:63,1
DA:76,9
FN:76,TestERC20.constructor
FNDA:9,TestERC20.constructor
DA:77,9
DA:78,9
DA:81,11
FN:81,TestERC20.decimals
FNDA:11,TestERC20.decimals
DA:82,11
DA:85,4
FN:85,TestERC20.transfer
FNDA:4,TestERC20.transfer
DA:86,4
DA:87,4
DA:88,4
DA:89,4
DA:92,9
FN:92,TestERC20.approve
FNDA:9,TestERC20.approve
DA:93,9
DA:94,9
DA:95,9
DA:98,6
FN:98,TestERC20.transferFrom
FNDA:6,TestERC20.transferFrom
DA:99,6
DA:100,6
BRDA:100,0,0,-
BRDA:100,0,1,6
DA:101,6
BRDA:101,1,0,-
DA:102,6
DA:103,6
DA:104,6
DA:105,6
DA:108,9
FN:108,TestERC20.mint
FNDA:9,TestERC20.mint
DA:109,9
DA:110,9
DA:113,0
FN:113,TestERC20.totalSupply
FNDA:0,TestERC20.totalSupply
DA:114,0
FNF:17
FNH:15
LF:52
LH:46
BRF:3
BRH:1
end_of_record
TN:
SF:test/unit/SpokeYieldVaultAdapterFail.t.sol
DA:13,3
FN:13,ERC20Stub2.decimals
FNDA:3,ERC20Stub2.decimals
DA:14,3
FN:14,ERC20Stub2.mint
FNDA:3,ERC20Stub2.mint
DA:15,3
FN:15,ERC20Stub2.approve
FNDA:3,ERC20Stub2.approve
DA:16,1
FN:16,ERC20Stub2.transfer
FNDA:1,ERC20Stub2.transfer
DA:17,1
FN:17,ERC20Stub2.transferFrom
FNDA:1,ERC20Stub2.transferFrom
BRDA:17,0,0,-
BRDA:17,0,1,1
BRDA:17,1,0,-
DA:21,1
FN:21,HalfAdapter.totalAssets
FNDA:1,HalfAdapter.totalAssets
FNF:6
FNH:6
LF:6
LH:6
BRF:3
BRH:1
end_of_record
TN:
SF:test/unit/SpokeYieldVaultBranches.t.sol
DA:13,10
FN:13,TokenM.decimals
FNDA:10,TokenM.decimals
DA:14,10
FN:14,TokenM.mint
FNDA:10,TokenM.mint
DA:15,6
FN:15,TokenM.transfer
FNDA:6,TokenM.transfer
DA:16,10
FN:16,TokenM.approve
FNDA:10,TokenM.approve
DA:17,11
FN:17,TokenM.transferFrom
FNDA:11,TokenM.transferFrom
BRDA:17,0,0,-
BRDA:17,0,1,11
BRDA:17,1,0,-
FNF:5
FNH:5
LF:5
LH:5
BRF:3
BRH:1
end_of_record
TN:
SF:test/unit/SpokeYieldVaultGovBranches.t.sol
DA:16,5
FN:16,ERC20Stub.decimals
FNDA:5,ERC20Stub.decimals
DA:17,5
FN:17,ERC20Stub.mint
FNDA:5,ERC20Stub.mint
DA:18,5
FN:18,ERC20Stub.approve
FNDA:5,ERC20Stub.approve
DA:19,0
FN:19,ERC20Stub.transfer
FNDA:0,ERC20Stub.transfer
DA:20,0
FN:20,ERC20Stub.transferFrom
FNDA:0,ERC20Stub.transferFrom
DA:21,0
BRDA:21,0,0,-
BRDA:21,0,1,-
BRDA:21,1,0,-
FNF:5
FNH:3
LF:6
LH:3
BRF:3
BRH:0
end_of_record
TN:
SF:test/unit/SuperchainAdapterFlow.t.sol
DA:10,1
FN:10,MockMessenger.sendMessage
FNDA:1,MockMessenger.sendMessage
DA:11,1
DA:18,0
FN:18,ReceiverMock.handle
FNDA:0,ReceiverMock.handle
DA:20,0
DA:34,0
FNF:2
FNH:1
LF:5
LH:2
BRF:0
BRH:0
end_of_record
TN:
SF:test/unit/SuperchainAdapterNegative.t.sol
DA:10,2
FN:10,MockMessengerNeg.sendMessage
FNDA:2,MockMessengerNeg.sendMessage
DA:11,2
FNF:1
FNH:1
LF:2
LH:2
BRF:0
BRH:0
end_of_record
TN:
SF:test/unit/VaultFactoryBranches.t.sol
DA:10,1
FN:10,DummyVault.initialize
FNDA:1,DummyVault.initialize
DA:11,1
FNF:1
FNH:1
LF:2
LH:2
BRF:0
BRH:0
end_of_record
TN:
SF:test/unit/VaultFactoryGrantMinterFail.t.sol
DA:14,0
FN:14,AssetStub.decimals
FNDA:0,AssetStub.decimals
DA:15,0
FN:15,AssetStub.approve
FNDA:0,AssetStub.approve
DA:16,0
FN:16,AssetStub.transfer
FNDA:0,AssetStub.transfer
DA:17,0
FN:17,AssetStub.transferFrom
FNDA:0,AssetStub.transferFrom
BRDA:17,0,0,-
BRDA:17,0,1,-
BRDA:17,1,0,-
DA:23,0
FN:23,RevertingToken.constructor
FNDA:0,RevertingToken.constructor
DA:24,0
FN:24,RevertingToken.grantRole
FNDA:0,RevertingToken.grantRole
DA:29,1
FN:29,ImplRevert.initialize
FNDA:1,ImplRevert.initialize
DA:41,1
FNF:7
FNH:1
LF:8
LH:2
BRF:3
BRH:0
end_of_record
TN:
SF:test/unit/VelodromeAdapter.t.sol
DA:16,3
FN:16,MockERC20Velo.constructor
FNDA:3,MockERC20Velo.constructor
DA:17,3
DA:18,3
DA:21,0
FN:21,MockERC20Velo.decimals
FNDA:0,MockERC20Velo.decimals
DA:22,0
DA:25,3
FN:25,MockERC20Velo.transfer
FNDA:3,MockERC20Velo.transfer
DA:26,3
DA:27,3
DA:28,3
DA:29,3
DA:32,0
FN:32,MockERC20Velo.approve
FNDA:0,MockERC20Velo.approve
DA:33,0
DA:34,0
DA:35,0
DA:38,0
FN:38,MockERC20Velo.transferFrom
FNDA:0,MockERC20Velo.transferFrom
DA:39,0
DA:40,0
BRDA:40,0,0,-
BRDA:40,0,1,-
DA:41,0
BRDA:41,1,0,-
DA:42,0
DA:43,0
DA:44,0
DA:45,0
DA:48,3
FN:48,MockERC20Velo.mint
FNDA:3,MockERC20Velo.mint
DA:49,3
DA:50,3
FNF:6
FNH:3
LF:25
LH:11
BRF:3
BRH:0
end_of_record
