TN:
SF:contracts/factory/VaultFactory.sol
DA:22,1
FN:22,VaultFactory.initialize
FNDA:1,VaultFactory.initialize
DA:23,1
DA:24,1
DA:25,1
DA:26,1
DA:27,1
DA:28,1
DA:31,0
FN:31,VaultFactory._authorizeUpgrade
FNDA:0,VaultFactory._authorizeUpgrade
DA:33,0
FN:33,VaultFactory.setImplementations
FNDA:0,VaultFactory.setImplementations
DA:34,0
DA:35,0
DA:41,1
FN:41,VaultFactory.create
FNDA:1,VaultFactory.create
DA:42,1
DA:43,1
DA:46,1
DA:50,1
BRDA:50,0,0,-
BRDA:50,0,1,1
DA:52,1
DA:53,1
DA:54,1
BRDA:54,1,0,-
BRDA:54,1,1,1
DA:55,1
DA:56,1
FNF:4
FNH:2
LF:21
LH:17
BRF:4
BRH:2
end_of_record
TN:
SF:contracts/hub/ControllerHub.sol
DA:93,3
FN:93,ControllerHub.setPause
FNDA:3,ControllerHub.setPause
DA:94,3
DA:95,3
DA:96,3
DA:100,44
FN:100,ControllerHub._price1e18
FNDA:44,ControllerHub._price1e18
DA:101,44
DA:102,44
DA:103,44
DA:104,0
DA:107,11
FN:107,ControllerHub._actionId
FNDA:11,ControllerHub._actionId
DA:108,11
DA:111,2
FN:111,ControllerHub._decreaseDebt
FNDA:2,ControllerHub._decreaseDebt
DA:112,2
DA:113,2
DA:114,2
DA:115,2
BRDA:115,2,0,-
DA:116,2
DA:117,2
DA:119,2
DA:120,2
DA:121,2
BRDA:121,3,0,-
DA:122,2
DA:125,8
FN:125,ControllerHub._increaseDebt
FNDA:8,ControllerHub._increaseDebt
DA:126,8
DA:127,8
DA:128,8
DA:129,8
DA:130,8
DA:131,8
DA:134,10
FN:134,ControllerHub._isBorrowAllowed
FNDA:10,ControllerHub._isBorrowAllowed
DA:135,10
DA:136,10
DA:137,10
DA:138,10
DA:139,10
DA:140,10
DA:141,10
DA:142,10
DA:143,10
DA:144,10
DA:145,10
DA:148,13
FN:148,ControllerHub.initialize
FNDA:13,ControllerHub.initialize
DA:149,13
DA:150,13
DA:151,13
DA:152,13
DA:153,13
DA:154,13
DA:155,13
DA:158,0
FN:158,ControllerHub._authorizeUpgrade
FNDA:0,ControllerHub._authorizeUpgrade
DA:161,14
FN:161,ControllerHub.listMarket
FNDA:14,ControllerHub.listMarket
DA:162,14
DA:164,14
BRDA:164,5,0,-
DA:165,14
BRDA:165,6,0,1
DA:166,13
BRDA:166,7,0,-
DA:168,13
BRDA:168,8,0,-
DA:170,13
BRDA:170,9,0,-
DA:171,13
DA:172,13
DA:173,13
DA:177,1
FN:177,ControllerHub.setParams
FNDA:1,ControllerHub.setParams
DA:178,1
DA:179,1
BRDA:179,10,0,-
DA:180,1
BRDA:180,11,0,-
DA:181,1
BRDA:181,12,0,1
DA:182,0
BRDA:182,13,0,-
DA:183,0
BRDA:183,14,0,-
DA:184,0
DA:185,0
DA:189,14
FN:189,ControllerHub.enterMarket
FNDA:14,ControllerHub.enterMarket
DA:190,14
DA:191,14
DA:194,1
FN:194,ControllerHub.exitMarket
FNDA:1,ControllerHub.exitMarket
DA:195,1
DA:196,1
DA:200,2
FN:200,ControllerHub.accrue
FNDA:2,ControllerHub.accrue
DA:201,15
DA:202,15
DA:203,15
BRDA:203,15,0,-
DA:204,15
DA:205,15
DA:206,1
DA:209,1
DA:210,1
DA:213,1
DA:214,1
BRDA:214,17,0,-
BRDA:214,17,1,1
DA:215,0
DA:217,1
DA:218,1
DA:219,1
DA:223,1
DA:224,1
DA:226,1
DA:227,1
DA:228,1
DA:229,1
DA:231,1
DA:232,1
DA:236,4
FN:236,ControllerHub.currentDebt
FNDA:4,ControllerHub.currentDebt
DA:237,26
DA:238,26
DA:239,26
DA:240,26
DA:241,16
DA:242,16
BRDA:242,20,0,-
DA:243,16
DA:247,1
FN:247,ControllerHub.healthFactor
FNDA:1,ControllerHub.healthFactor
DA:248,1
DA:249,1
DA:253,1
DA:257,11
FN:257,ControllerHub.borrow
FNDA:11,ControllerHub.borrow
DA:258,1
BRDA:258,21,0,1
DA:259,10
DA:260,10
DA:261,10
BRDA:261,22,0,-
DA:264,10
BRDA:264,23,0,1
DA:267,9
DA:268,9
DA:269,9
BRDA:269,24,0,1
DA:270,8
DA:272,8
DA:273,8
DA:277,8
FN:277,ControllerHub._emitBorrow
FNDA:8,ControllerHub._emitBorrow
DA:278,8
DA:279,8
DA:280,8
DA:281,8
DA:282,8
DA:283,8
DA:284,8
DA:285,8
DA:286,8
DA:287,8
DA:291,1
FN:291,ControllerHub.repay
FNDA:1,ControllerHub.repay
DA:292,1
DA:293,1
DA:294,1
BRDA:294,25,0,-
DA:295,1
DA:296,1
DA:297,1
DA:298,1
DA:299,1
BRDA:299,27,0,-
DA:300,1
DA:301,1
DA:302,1
DA:303,1
DA:304,1
DA:307,1
FN:307,ControllerHub._emitRepay
FNDA:1,ControllerHub._emitRepay
DA:308,1
DA:312,3
FN:312,ControllerHub.liquidate
FNDA:3,ControllerHub.liquidate
DA:313,1
BRDA:313,28,0,1
DA:314,2
DA:315,2
DA:316,2
DA:319,2
FN:319,ControllerHub._quoteAndValidateLiquidation
FNDA:2,ControllerHub._quoteAndValidateLiquidation
DA:324,2
DA:325,2
BRDA:325,29,0,-
DA:326,2
DA:327,2
BRDA:327,30,0,-
DA:328,2
BRDA:328,31,0,-
DA:330,2
DA:331,2
DA:332,2
DA:333,2
DA:334,2
DA:335,2
BRDA:335,32,0,-
DA:337,2
DA:338,2
DA:339,2
DA:340,2
DA:341,2
DA:344,2
FN:344,ControllerHub._finalizeLiquidation
FNDA:2,ControllerHub._finalizeLiquidation
DA:345,2
DA:346,2
DA:347,2
DA:348,2
DA:351,2
FN:351,ControllerHub._emitLiquidate
FNDA:2,ControllerHub._emitLiquidate
DA:352,2
DA:353,2
DA:357,1
FN:357,ControllerHub.setBorrowCap
FNDA:1,ControllerHub.setBorrowCap
DA:358,1
DA:359,1
DA:363,2
FN:363,ControllerHub.accountLiquidity
FNDA:2,ControllerHub.accountLiquidity
DA:364,2
DA:365,2
DA:366,2
DA:367,2
DA:368,2
DA:369,2
DA:370,2
DA:371,2
DA:375,8
FN:375,ControllerHub.marketStateExtended
FNDA:8,ControllerHub.marketStateExtended
DA:376,8
DA:377,8
DA:378,8
DA:379,8
FNF:26
FNH:25
LF:196
LH:189
BRF:27
BRH:7
end_of_record
TN:
SF:contracts/hub/PriceOracleRouter.sol
DA:39,17
FN:39,PriceOracleRouter.initialize
FNDA:17,PriceOracleRouter.initialize
DA:40,17
DA:41,17
DA:42,17
DA:43,17
DA:44,17
DA:47,0
FN:47,PriceOracleRouter._authorizeUpgrade
FNDA:0,PriceOracleRouter._authorizeUpgrade
DA:49,30
FN:49,PriceOracleRouter.setFeed
FNDA:30,PriceOracleRouter.setFeed
DA:50,30
BRDA:50,0,0,-
DA:51,30
DA:52,30
DA:55,1
FN:55,PriceOracleRouter.setSequencerOracle
FNDA:1,PriceOracleRouter.setSequencerOracle
DA:56,1
DA:57,1
DA:60,52
FN:60,PriceOracleRouter.getPrice
FNDA:52,PriceOracleRouter.getPrice
DA:62,52
BRDA:62,1,0,3
DA:63,3
DA:64,3
BRDA:64,2,0,1
DA:66,2
BRDA:66,3,0,1
DA:68,50
DA:69,50
DA:70,50
BRDA:70,4,0,-
DA:71,50
BRDA:71,5,0,2
DA:72,48
BRDA:72,6,0,2
DA:73,2
DA:74,2
BRDA:74,7,0,2
DA:75,2
DA:76,2
DA:77,2
DA:78,2
BRDA:78,8,0,1
DA:81,47
FNF:5
FNH:4
LF:31
LH:30
BRF:9
BRH:7
end_of_record
TN:
SF:contracts/hub/SuperVaultHub.sol
DA:44,11732
FN:44,SuperVaultHub.initialize
FNDA:11732,SuperVaultHub.initialize
DA:45,260
DA:46,260
DA:47,260
DA:48,260
BRDA:48,0,0,2
DA:49,258
DA:50,258
DA:51,258
DA:52,258
DA:53,258
DA:54,258
DA:55,258
DA:59,0
FN:59,SuperVaultHub._authorizeUpgrade
FNDA:0,SuperVaultHub._authorizeUpgrade
DA:62,11560
FN:62,SuperVaultHub.setBridgeEnabled
FNDA:11560,SuperVaultHub.setBridgeEnabled
DA:63,23
DA:64,23
DA:68,11741
FN:68,SuperVaultHub.registerSpoke
FNDA:11741,SuperVaultHub.registerSpoke
DA:69,23
BRDA:69,1,0,-
DA:70,23
DA:71,23
DA:75,11733
FN:75,SuperVaultHub.creditRemoteDeposit
FNDA:11733,SuperVaultHub.creditRemoteDeposit
DA:83,24
BRDA:83,2,0,1
DA:84,23
BRDA:84,3,0,21
DA:85,1
BRDA:85,4,0,1
DA:86,1
DA:89,1
DA:91,1
DA:92,1
DA:96,11392
FN:96,SuperVaultHub.requestRemoteWithdrawal
FNDA:11392,SuperVaultHub.requestRemoteWithdrawal
DA:97,18
BRDA:97,5,0,-
DA:98,18
DA:99,18
DA:103,11588
FN:103,SuperVaultHub.requestRebalance
FNDA:11588,SuperVaultHub.requestRebalance
DA:104,24
DA:105,24
DA:109,11430
FN:109,SuperVaultHub.controllerCall
FNDA:11430,SuperVaultHub.controllerCall
DA:110,0
DA:115,1
FN:115,SuperVaultHub.isNonceUsed
FNDA:1,SuperVaultHub.isNonceUsed
DA:116,1
DA:120,1
FN:120,SuperVaultHub.getSpoke
FNDA:1,SuperVaultHub.getSpoke
DA:121,1
FNF:10
FNH:9
LF:41
LH:39
BRF:6
BRH:4
end_of_record
TN:
SF:contracts/messaging/SuperchainAdapter.sol
DA:44,6
FN:44,SuperchainAdapter.initialize
FNDA:6,SuperchainAdapter.initialize
DA:45,6
DA:46,6
DA:47,6
DA:48,6
DA:49,6
DA:50,6
DA:51,6
DA:55,0
FN:55,SuperchainAdapter._authorizeUpgrade
FNDA:0,SuperchainAdapter._authorizeUpgrade
DA:58,2
FN:58,SuperchainAdapter.setBridgeEnabled
FNDA:2,SuperchainAdapter.setBridgeEnabled
DA:59,2
DA:60,2
DA:64,6
FN:64,SuperchainAdapter.setAllowedSender
FNDA:6,SuperchainAdapter.setAllowedSender
DA:65,6
DA:66,6
DA:70,7
FN:70,SuperchainAdapter.setAllowedSelector
FNDA:7,SuperchainAdapter.setAllowedSelector
DA:71,7
DA:72,7
DA:79,5
FN:79,SuperchainAdapter.send
FNDA:5,SuperchainAdapter.send
DA:80,5
BRDA:80,0,0,1
DA:82,4
BRDA:82,1,0,-
DA:83,4
DA:85,4
DA:87,4
BRDA:87,2,0,1
DA:88,3
DA:89,3
DA:92,3
DA:94,3
DA:95,3
DA:96,3
DA:104,4
FN:104,SuperchainAdapter.authIncoming
FNDA:4,SuperchainAdapter.authIncoming
DA:110,4
BRDA:110,3,0,1
DA:111,3
BRDA:111,4,0,1
DA:114,2
FNF:7
FNH:6
LF:34
LH:33
BRF:5
BRH:4
end_of_record
TN:
SF:contracts/mocks/MockAggregator.sol
DA:8,34
FN:8,MockAggregator.constructor
FNDA:34,MockAggregator.constructor
DA:9,34
DA:10,34
DA:13,6
FN:13,MockAggregator.setAnswer
FNDA:6,MockAggregator.setAnswer
DA:14,2
FN:14,MockAggregator.setUpdatedAt
FNDA:2,MockAggregator.setUpdatedAt
DA:16,52
FN:16,MockAggregator.latestRoundData
FNDA:52,MockAggregator.latestRoundData
DA:17,52
FNF:4
FNH:4
LF:7
LH:7
BRF:0
BRH:0
end_of_record
TN:
SF:contracts/rewards/EmissionsController.sol
DA:26,2
FN:26,EmissionsController.initialize
FNDA:2,EmissionsController.initialize
DA:27,2
DA:28,2
DA:29,2
DA:30,2
DA:31,2
DA:32,2
DA:35,0
FN:35,EmissionsController._authorizeUpgrade
FNDA:0,EmissionsController._authorizeUpgrade
DA:37,2
FN:37,EmissionsController.setEpochCap
FNDA:2,EmissionsController.setEpochCap
DA:38,2
DA:39,2
DA:42,2
FN:42,EmissionsController.setPerChainCap
FNDA:2,EmissionsController.setPerChainCap
DA:43,2
DA:44,2
DA:48,0
FN:48,EmissionsController.setEpochStart
FNDA:0,EmissionsController.setEpochStart
DA:49,0
DA:50,0
DA:55,1
FN:55,EmissionsController.instructDistribute
FNDA:1,EmissionsController.instructDistribute
DA:57,1
BRDA:57,0,0,1
DA:58,1
BRDA:58,1,0,-
BRDA:58,1,1,1
DA:60,1
DA:61,1
BRDA:61,2,0,1
DA:62,1
DA:63,1
BRDA:63,3,0,-
BRDA:63,3,1,1
DA:64,1
DA:66,1
DA:67,1
FNF:6
FNH:4
LF:27
LH:23
BRF:6
BRH:4
end_of_record
TN:
SF:contracts/rewards/PerChainRewardsDistributor.sol
DA:32,2
FN:32,PerChainRewardsDistributor.initialize
FNDA:2,PerChainRewardsDistributor.initialize
DA:33,2
DA:34,2
DA:35,2
DA:36,2
DA:37,2
DA:38,2
DA:39,2
DA:40,2
DA:43,0
FN:43,PerChainRewardsDistributor._authorizeUpgrade
FNDA:0,PerChainRewardsDistributor._authorizeUpgrade
DA:45,1
FN:45,PerChainRewardsDistributor.addRewards
FNDA:1,PerChainRewardsDistributor.addRewards
DA:46,1
DA:47,1
DA:48,1
BRDA:48,0,0,1
DA:49,1
DA:50,1
DA:52,1
DA:55,1
FN:55,PerChainRewardsDistributor.checkpoint
FNDA:1,PerChainRewardsDistributor.checkpoint
DA:56,2
DA:57,2
DA:58,2
BRDA:58,1,0,1
DA:59,1
DA:60,1
DA:61,1
DA:62,1
DA:63,1
DA:67,1
FN:67,PerChainRewardsDistributor.claim
FNDA:1,PerChainRewardsDistributor.claim
DA:68,1
DA:69,1
DA:70,1
DA:71,1
DA:72,1
DA:75,0
FN:75,PerChainRewardsDistributor.pause
FNDA:0,PerChainRewardsDistributor.pause
DA:76,0
FN:76,PerChainRewardsDistributor.unpause
FNDA:0,PerChainRewardsDistributor.unpause
FNF:7
FNH:4
LF:34
LH:31
BRF:2
BRH:2
end_of_record
TN:
SF:contracts/spoke/SpokeYieldVault.sol
DA:72,10
FN:72,SpokeYieldVault.initialize
FNDA:10,SpokeYieldVault.initialize
DA:84,10
DA:85,10
DA:86,10
DA:87,10
DA:88,10
DA:89,10
DA:90,10
DA:91,10
DA:92,10
DA:93,10
DA:94,10
DA:95,10
DA:96,10
DA:97,10
DA:98,10
DA:99,10
DA:100,10
DA:103,0
FN:103,SpokeYieldVault._authorizeUpgrade
FNDA:0,SpokeYieldVault._authorizeUpgrade
DA:106,2
FN:106,SpokeYieldVault.setFlags
FNDA:2,SpokeYieldVault.setFlags
DA:107,2
DA:108,2
DA:109,2
DA:110,2
DA:114,1
FN:114,SpokeYieldVault.setWithdrawalBufferBps
FNDA:1,SpokeYieldVault.setWithdrawalBufferBps
DA:115,1
BRDA:115,0,0,-
BRDA:115,0,1,1
DA:116,1
DA:121,6
FN:121,SpokeYieldVault.deposit
FNDA:6,SpokeYieldVault.deposit
DA:128,6
BRDA:128,1,0,1
DA:129,5
DA:131,5
DA:132,5
DA:136,1
FN:136,SpokeYieldVault.redeem
FNDA:1,SpokeYieldVault.redeem
DA:144,1
DA:145,1
DA:146,1
DA:150,3
FN:150,SpokeYieldVault.allocateToAdapter
FNDA:3,SpokeYieldVault.allocateToAdapter
DA:155,3
BRDA:155,2,0,1
DA:156,2
DA:158,2
DA:159,2
BRDA:159,3,0,1
DA:161,1
DA:162,1
DA:163,1
BRDA:163,4,0,-
BRDA:163,4,1,1
DA:164,1
DA:167,1
FN:167,SpokeYieldVault.deallocateFromAdapter
FNDA:1,SpokeYieldVault.deallocateFromAdapter
DA:172,1
DA:173,1
BRDA:173,5,0,-
BRDA:173,5,1,1
DA:174,1
DA:177,1
FN:177,SpokeYieldVault.harvestAdapter
FNDA:1,SpokeYieldVault.harvestAdapter
DA:182,1
DA:183,1
BRDA:183,6,0,-
BRDA:183,6,1,1
DA:184,1
DA:188,1
FN:188,SpokeYieldVault.onRemoteCredit
FNDA:1,SpokeYieldVault.onRemoteCredit
DA:189,1
BRDA:189,7,0,1
DA:191,0
DA:192,0
DA:193,0
DA:194,0
DA:197,2
FN:197,SpokeYieldVault.requestRemoteLiquidity
FNDA:2,SpokeYieldVault.requestRemoteLiquidity
DA:198,2
BRDA:198,8,0,1
DA:200,1
DA:201,1
DA:202,1
DA:203,1
BRDA:203,9,0,1
DA:204,1
DA:206,1
DA:207,1
DA:211,1
FN:211,SpokeYieldVault.payOutBorrow
FNDA:1,SpokeYieldVault.payOutBorrow
DA:212,1
DA:213,1
DA:214,1
DA:217,1
FN:217,SpokeYieldVault.onSeizeShares
FNDA:1,SpokeYieldVault.onSeizeShares
DA:219,1
DA:221,1
DA:222,1
DA:223,1
FNF:13
FNH:12
LF:77
LH:72
BRF:14
BRH:10
end_of_record
TN:
SF:contracts/strategy/AaveV3Adapter.sol
DA:12,1
FN:12,AaveV3Adapter.initialize
FNDA:1,AaveV3Adapter.initialize
DA:13,1
BRDA:13,0,0,-
DA:14,1
DA:17,0
FN:17,AaveV3Adapter.totalAssets
FNDA:0,AaveV3Adapter.totalAssets
DA:19,0
DA:22,1
FN:22,AaveV3Adapter._deposit
FNDA:1,AaveV3Adapter._deposit
DA:25,1
DA:28,1
FN:28,AaveV3Adapter._withdraw
FNDA:1,AaveV3Adapter._withdraw
DA:30,1
DA:31,1
DA:34,1
FN:34,AaveV3Adapter._harvest
FNDA:1,AaveV3Adapter._harvest
DA:36,0
FNF:5
FNH:4
LF:12
LH:9
BRF:1
BRH:0
end_of_record
TN:
SF:contracts/strategy/AdapterRegistry.sol
DA:25,2
FN:25,AdapterRegistry.initialize
FNDA:2,AdapterRegistry.initialize
DA:26,2
DA:27,2
DA:28,2
DA:29,2
DA:30,2
DA:34,0
FN:34,AdapterRegistry._authorizeUpgrade
FNDA:0,AdapterRegistry._authorizeUpgrade
DA:36,2
FN:36,AdapterRegistry.setAdapter
FNDA:2,AdapterRegistry.setAdapter
DA:37,1
DA:38,1
DA:41,1
FN:41,AdapterRegistry.isAllowed
FNDA:1,AdapterRegistry.isAllowed
DA:42,1
DA:45,1
FN:45,AdapterRegistry.capOf
FNDA:1,AdapterRegistry.capOf
DA:46,1
DA:49,1
FN:49,AdapterRegistry.pause
FNDA:1,AdapterRegistry.pause
DA:51,0
FN:51,AdapterRegistry.unpause
FNDA:0,AdapterRegistry.unpause
FNF:7
FNH:5
LF:16
LH:14
BRF:0
BRH:0
end_of_record
TN:
SF:contracts/strategy/BaseAdapter.sol
DA:32,3
FN:32,BaseAdapter.__BaseAdapter_init
FNDA:3,BaseAdapter.__BaseAdapter_init
DA:33,3
DA:34,3
DA:35,3
DA:36,3
DA:37,3
DA:38,3
DA:39,3
DA:45,4
FN:45,BaseAdapter.onlyVault
FNDA:4,BaseAdapter.onlyVault
DA:46,4
BRDA:46,0,0,-
DA:52,1
FN:52,BaseAdapter.setCap
FNDA:1,BaseAdapter.setCap
DA:53,1
DA:57,0
FN:57,BaseAdapter.asset
FNDA:0,BaseAdapter.asset
DA:58,0
DA:68,3
FN:68,BaseAdapter.deposit
FNDA:3,BaseAdapter.deposit
DA:69,3
DA:70,3
DA:77,4
FN:77,BaseAdapter.withdraw
FNDA:4,BaseAdapter.withdraw
DA:78,4
DA:79,3
DA:85,2
FN:85,BaseAdapter.harvest
FNDA:2,BaseAdapter.harvest
DA:86,2
DA:87,2
DA:98,1
FN:98,BaseAdapter.emergencyWithdraw
FNDA:1,BaseAdapter.emergencyWithdraw
DA:99,1
DA:100,1
BRDA:100,1,0,-
DA:101,1
DA:102,1
DA:105,1
FN:105,BaseAdapter.pause
FNDA:1,BaseAdapter.pause
DA:106,1
FN:106,BaseAdapter.unpause
FNDA:1,BaseAdapter.unpause
FNF:10
FNH:9
LF:30
LH:28
BRF:2
BRH:0
end_of_record
TN:
SF:contracts/strategy/VelodromeLPAdapter.sol
DA:15,2
FN:15,VelodromeLPAdapter.initialize
FNDA:2,VelodromeLPAdapter.initialize
DA:16,2
BRDA:16,0,0,-
DA:17,2
DA:20,0
FN:20,VelodromeLPAdapter.totalAssets
FNDA:0,VelodromeLPAdapter.totalAssets
DA:22,0
DA:25,2
FN:25,VelodromeLPAdapter._deposit
FNDA:2,VelodromeLPAdapter._deposit
DA:26,2
DA:27,2
DA:30,3
FN:30,VelodromeLPAdapter._withdraw
FNDA:3,VelodromeLPAdapter._withdraw
DA:32,3
BRDA:32,1,0,1
BRDA:32,1,1,2
DA:33,2
DA:34,2
DA:37,1
FN:37,VelodromeLPAdapter._harvest
FNDA:1,VelodromeLPAdapter._harvest
DA:38,0
DA:41,1
FN:41,VelodromeLPAdapter.setCooldown
FNDA:1,VelodromeLPAdapter.setCooldown
DA:42,1
FNF:6
FNH:5
LF:16
LH:13
BRF:3
BRH:2
end_of_record
TN:
SF:contracts/tokens/SuperchainERC20.sol
DA:17,10
FN:17,SuperchainERC20.constructor
FNDA:10,SuperchainERC20.constructor
DA:21,10
DA:25,15
FN:25,SuperchainERC20.grantMinter
FNDA:15,SuperchainERC20.grantMinter
DA:26,15
DA:27,15
DA:31,1
FN:31,SuperchainERC20.revokeMinter
FNDA:1,SuperchainERC20.revokeMinter
DA:32,1
DA:33,1
DA:37,7
FN:37,SuperchainERC20.mint
FNDA:7,SuperchainERC20.mint
DA:38,6
DA:42,3
FN:42,SuperchainERC20.burn
FNDA:3,SuperchainERC20.burn
DA:43,3
DA:46,0
FN:46,SuperchainERC20.decimals
FNDA:0,SuperchainERC20.decimals
DA:47,0
FNF:6
FNH:5
LF:14
LH:12
BRF:0
BRH:0
end_of_record
TN:
SF:script/DeployPhase1.s.sol
DA:8,0
FN:8,DeployPhase1.run
FNDA:0,DeployPhase1.run
FNF:1
FNH:0
LF:1
LH:0
BRF:0
BRH:0
end_of_record
TN:
SF:script/DeployPhase2.s.sol
DA:8,0
FN:8,DeployPhase2.run
FNDA:0,DeployPhase2.run
FNF:1
FNH:0
LF:1
LH:0
BRF:0
BRH:0
end_of_record
TN:
SF:test/unit/AdapterBehavior.t.sol
DA:13,1
FN:13,MockERC20.constructor
FNDA:1,MockERC20.constructor
DA:14,2
FN:14,MockERC20.transfer
FNDA:2,MockERC20.transfer
DA:15,0
FN:15,MockERC20.approve
FNDA:0,MockERC20.approve
DA:16,0
FN:16,MockERC20.transferFrom
FNDA:0,MockERC20.transferFrom
BRDA:16,0,0,-
BRDA:16,0,1,-
BRDA:16,1,0,-
DA:17,1
FN:17,MockERC20.mint
FNDA:1,MockERC20.mint
FNF:5
FNH:3
LF:5
LH:3
BRF:3
BRH:0
end_of_record
TN:
SF:test/unit/ControllerHub.t.sol
DA:14,8
FN:14,TestERC20.constructor
FNDA:8,TestERC20.constructor
DA:15,0
FN:15,TestERC20.transfer
FNDA:0,TestERC20.transfer
DA:16,0
FN:16,TestERC20.approve
FNDA:0,TestERC20.approve
DA:17,0
FN:17,TestERC20.transferFrom
FNDA:0,TestERC20.transferFrom
BRDA:17,0,0,-
BRDA:17,0,1,-
BRDA:17,1,0,-
DA:18,4
FN:18,TestERC20.mint
FNDA:4,TestERC20.mint
DA:23,1
FN:23,MockSpokeVault.onSeizeShares
FNDA:1,MockSpokeVault.onSeizeShares
FNF:6
FNH:3
LF:6
LH:3
BRF:3
BRH:0
end_of_record
TN:
SF:test/unit/ControllerHubCoverage.t.sol
DA:14,14
FN:14,ERC20MockCheap.constructor
FNDA:14,ERC20MockCheap.constructor
DA:15,0
FN:15,ERC20MockCheap.transfer
FNDA:0,ERC20MockCheap.transfer
DA:16,0
FN:16,ERC20MockCheap.approve
FNDA:0,ERC20MockCheap.approve
DA:17,0
FN:17,ERC20MockCheap.transferFrom
FNDA:0,ERC20MockCheap.transferFrom
BRDA:17,0,0,-
BRDA:17,0,1,-
BRDA:17,1,0,-
DA:18,7
FN:18,ERC20MockCheap.mint
FNDA:7,ERC20MockCheap.mint
FNF:5
FNH:2
LF:5
LH:2
BRF:3
BRH:0
end_of_record
TN:
SF:test/unit/ControllerHubPolicy.t.sol
DA:11,1
FN:11,SeizeMock.onSeizeShares
FNDA:1,SeizeMock.onSeizeShares
DA:12,1
DA:21,4
FN:21,TestERC20.constructor
FNDA:4,TestERC20.constructor
DA:22,0
FN:22,TestERC20.transfer
FNDA:0,TestERC20.transfer
DA:23,0
FN:23,TestERC20.approve
FNDA:0,TestERC20.approve
DA:24,0
FN:24,TestERC20.transferFrom
FNDA:0,TestERC20.transferFrom
BRDA:24,0,0,-
BRDA:24,0,1,-
BRDA:24,1,0,-
DA:25,2
FN:25,TestERC20.mint
FNDA:2,TestERC20.mint
FNF:6
FNH:3
LF:7
LH:4
BRF:3
BRH:0
end_of_record
TN:
SF:test/unit/EmissionsAndRewards.t.sol
DA:13,2
FN:13,MockERC20.constructor
FNDA:2,MockERC20.constructor
DA:14,1
FN:14,MockERC20.transfer
FNDA:1,MockERC20.transfer
DA:15,2
FN:15,MockERC20.approve
FNDA:2,MockERC20.approve
DA:16,1
FN:16,MockERC20.transferFrom
FNDA:1,MockERC20.transferFrom
BRDA:16,0,0,-
BRDA:16,0,1,1
BRDA:16,1,0,-
DA:17,2
FN:17,MockERC20.mint
FNDA:2,MockERC20.mint
DA:22,1
FN:22,MockShareToken.totalSupply
FNDA:1,MockShareToken.totalSupply
DA:23,2
FN:23,MockShareToken.mint
FNDA:2,MockShareToken.mint
FNF:7
FNH:7
LF:7
LH:7
BRF:3
BRH:1
end_of_record
TN:
SF:test/unit/PriceOracleRouter.t.sol
DA:10,1
FN:10,MockSequencerOracle.constructor
FNDA:1,MockSequencerOracle.constructor
DA:11,2
FN:11,MockSequencerOracle.setUp
FNDA:2,MockSequencerOracle.setUp
DA:12,2
FN:12,MockSequencerOracle.setUpdatedAt
FNDA:2,MockSequencerOracle.setUpdatedAt
DA:13,3
FN:13,MockSequencerOracle.latestRoundData
FNDA:3,MockSequencerOracle.latestRoundData
DA:15,3
FNF:4
FNH:4
LF:5
LH:5
BRF:0
BRH:0
end_of_record
TN:
SF:test/unit/SpokeYieldVault.t.sol
DA:10,1
FN:10,MockAdapterRegistry.isAllowed
FNDA:1,MockAdapterRegistry.isAllowed
DA:11,1
FN:11,MockAdapterRegistry.capOf
FNDA:1,MockAdapterRegistry.capOf
DA:16,2
FN:16,MockAdapterRegistryVar.constructor
FNDA:2,MockAdapterRegistryVar.constructor
DA:17,0
FN:17,MockAdapterRegistryVar.set
FNDA:0,MockAdapterRegistryVar.set
DA:18,2
FN:18,MockAdapterRegistryVar.isAllowed
FNDA:2,MockAdapterRegistryVar.isAllowed
DA:19,1
FN:19,MockAdapterRegistryVar.capOf
FNDA:1,MockAdapterRegistryVar.capOf
DA:26,2
FN:26,MockAdapterTarget.totalAssets
FNDA:2,MockAdapterTarget.totalAssets
DA:27,1
FN:27,MockAdapterTarget.deposit
FNDA:1,MockAdapterTarget.deposit
DA:28,1
FN:28,MockAdapterTarget.withdraw
FNDA:1,MockAdapterTarget.withdraw
DA:29,1
FN:29,MockAdapterTarget.harvest
FNDA:1,MockAdapterTarget.harvest
DA:37,7
FN:37,TestERC20.constructor
FNDA:7,TestERC20.constructor
DA:38,4
FN:38,TestERC20.transfer
FNDA:4,TestERC20.transfer
DA:39,7
FN:39,TestERC20.approve
FNDA:7,TestERC20.approve
DA:40,5
FN:40,TestERC20.transferFrom
FNDA:5,TestERC20.transferFrom
BRDA:40,0,0,-
BRDA:40,0,1,5
BRDA:40,1,0,-
DA:41,7
FN:41,TestERC20.mint
FNDA:7,TestERC20.mint
DA:42,0
FN:42,TestERC20.totalSupply
FNDA:0,TestERC20.totalSupply
FNF:16
FNH:14
LF:16
LH:14
BRF:3
BRH:1
end_of_record
TN:
SF:test/unit/SuperchainAdapterFlow.t.sol
DA:9,1
FN:9,MockMessenger.sendMessage
FNDA:1,MockMessenger.sendMessage
DA:14,0
FN:14,ReceiverMock.handle
FNDA:0,ReceiverMock.handle
DA:16,0
DA:17,0
FNF:2
FNH:1
LF:4
LH:1
BRF:0
BRH:0
end_of_record
TN:
SF:test/unit/SuperchainAdapterNegative.t.sol
DA:9,2
FN:9,MockMessengerNeg.sendMessage
FNDA:2,MockMessengerNeg.sendMessage
FNF:1
FNH:1
LF:1
LH:1
BRF:0
BRH:0
end_of_record
TN:
SF:test/unit/VelodromeAdapter.t.sol
DA:13,2
FN:13,MockERC20Velo.constructor
FNDA:2,MockERC20Velo.constructor
DA:14,2
FN:14,MockERC20Velo.transfer
FNDA:2,MockERC20Velo.transfer
DA:15,0
FN:15,MockERC20Velo.approve
FNDA:0,MockERC20Velo.approve
DA:16,0
FN:16,MockERC20Velo.transferFrom
FNDA:0,MockERC20Velo.transferFrom
BRDA:16,0,0,-
BRDA:16,0,1,-
BRDA:16,1,0,-
DA:17,2
FN:17,MockERC20Velo.mint
FNDA:2,MockERC20Velo.mint
FNF:5
FNH:3
LF:5
LH:3
BRF:3
BRH:0
end_of_record
